This is pdfTeX, Version 3.14159265-2.6-1.40.19 (MiKTeX 2.9.6840 64-bit) (preloaded format=pdflatex 2018.10.14)  10 DEC 2018 20:33
entering extended mode
**./DD.tex
(DD.tex
LaTeX2e <2018-04-01> patch level 5
("C:\Users\jacop\AppData\Local\Programs\MiKTeX 2.9\tex\latex\base\report.cls"
Document Class: report 2014/09/29 v1.4h Standard LaTeX document class
("C:\Users\jacop\AppData\Local\Programs\MiKTeX 2.9\tex\latex\base\size10.clo"
File: size10.clo 2014/09/29 v1.4h Standard LaTeX file (size option)
)
\c@part=\count80
\c@chapter=\count81
\c@section=\count82
\c@subsection=\count83
\c@subsubsection=\count84
\c@paragraph=\count85
\c@subparagraph=\count86
\c@figure=\count87
\c@table=\count88
\abovecaptionskip=\skip41
\belowcaptionskip=\skip42
\bibindent=\dimen102
) ("C:\Users\jacop\AppData\Local\Programs\MiKTeX 2.9\tex\latex\xcolor\xcolor.st
y"
Package: xcolor 2016/05/11 v2.12 LaTeX color extensions (UK)

("C:\Users\jacop\AppData\Local\Programs\MiKTeX 2.9\tex\latex\graphics-cfg\color
.cfg"
File: color.cfg 2016/01/02 v1.6 sample color configuration
)
Package xcolor Info: Driver file: pdftex.def on input line 225.

("C:\Users\jacop\AppData\Local\Programs\MiKTeX 2.9\tex\latex\graphics-def\pdfte
x.def"
File: pdftex.def 2018/01/08 v1.0l Graphics/color driver for pdftex
)
Package xcolor Info: Model `cmy' substituted by `cmy0' on input line 1348.
Package xcolor Info: Model `hsb' substituted by `rgb' on input line 1352.
Package xcolor Info: Model `RGB' extended on input line 1364.
Package xcolor Info: Model `HTML' substituted by `rgb' on input line 1366.
Package xcolor Info: Model `Hsb' substituted by `hsb' on input line 1367.
Package xcolor Info: Model `tHsb' substituted by `hsb' on input line 1368.
Package xcolor Info: Model `HSB' substituted by `hsb' on input line 1369.
Package xcolor Info: Model `Gray' substituted by `gray' on input line 1370.
Package xcolor Info: Model `wave' substituted by `hsb' on input line 1371.
)
("C:\Users\jacop\AppData\Local\Programs\MiKTeX 2.9\tex\latex\comment\comment.st
y"
\CommentStream=\write3
 Excluding comment 'comment')
("C:\Users\jacop\AppData\Local\Programs\MiKTeX 2.9\tex\latex\subfiles\subfiles.
sty"
Package: subfiles 2018/07/31 Federico Garcia, Gernot Salzer

("C:\Users\jacop\AppData\Local\Programs\MiKTeX 2.9\tex\latex\tools\verbatim.sty
"
Package: verbatim 2014/10/28 v1.5q LaTeX2e package for verbatim enhancements
\every@verbatim=\toks14
\verbatim@line=\toks15
\verbatim@in@stream=\read1
))
("C:\Users\jacop\AppData\Local\Programs\MiKTeX 2.9\tex\latex\graphics\graphicx.
sty"
Package: graphicx 2017/06/01 v1.1a Enhanced LaTeX Graphics (DPC,SPQR)

("C:\Users\jacop\AppData\Local\Programs\MiKTeX 2.9\tex\latex\graphics\keyval.st
y"
Package: keyval 2014/10/28 v1.15 key=value parser (DPC)
\KV@toks@=\toks16
)
("C:\Users\jacop\AppData\Local\Programs\MiKTeX 2.9\tex\latex\graphics\graphics.
sty"
Package: graphics 2017/06/25 v1.2c Standard LaTeX Graphics (DPC,SPQR)

("C:\Users\jacop\AppData\Local\Programs\MiKTeX 2.9\tex\latex\graphics\trig.sty"
Package: trig 2016/01/03 v1.10 sin cos tan (DPC)
)
("C:\Users\jacop\AppData\Local\Programs\MiKTeX 2.9\tex\latex\graphics-cfg\graph
ics.cfg"
File: graphics.cfg 2016/06/04 v1.11 sample graphics configuration
)
Package graphics Info: Driver file: pdftex.def on input line 99.
)
\Gin@req@height=\dimen103
\Gin@req@width=\dimen104
)
("C:\Users\jacop\AppData\Local\Programs\MiKTeX 2.9\tex\latex\caption\caption.st
y"
Package: caption 2018/10/06 v3.3-154 Customizing captions (AR)

("C:\Users\jacop\AppData\Local\Programs\MiKTeX 2.9\tex\latex\caption\caption3.s
ty"
Package: caption3 2018/09/12 v1.8c caption3 kernel (AR)
Package caption3 Info: TeX engine: e-TeX on input line 64.
\captionmargin=\dimen105
\captionmargin@=\dimen106
\captionwidth=\dimen107
\caption@tempdima=\dimen108
\caption@indent=\dimen109
\caption@parindent=\dimen110
\caption@hangindent=\dimen111
)
\c@caption@flags=\count89
\c@ContinuedFloat=\count90
)
("C:\Users\jacop\AppData\Local\Programs\MiKTeX 2.9\tex\latex\tools\longtable.st
y"
Package: longtable 2014/10/28 v4.11 Multi-page Table package (DPC)
\LTleft=\skip43
\LTright=\skip44
\LTpre=\skip45
\LTpost=\skip46
\LTchunksize=\count91
\LTcapwidth=\dimen112
\LT@head=\box26
\LT@firsthead=\box27
\LT@foot=\box28
\LT@lastfoot=\box29
\LT@cols=\count92
\LT@rows=\count93
\c@LT@tables=\count94
\c@LT@chunks=\count95
\LT@p@ftn=\toks17
)
("C:\Users\jacop\AppData\Local\Programs\MiKTeX 2.9\tex\latex\subfig\subfig.sty"
Package: subfig 2005/06/28 ver: 1.3 subfig package
\c@KVtest=\count96
\sf@farskip=\skip47
\sf@captopadj=\dimen113
\sf@capskip=\skip48
\sf@nearskip=\skip49
\c@subfigure=\count97
\c@subfigure@save=\count98
\c@lofdepth=\count99
\c@subtable=\count100
\c@subtable@save=\count101
\c@lotdepth=\count102
\sf@top=\skip50
\sf@bottom=\skip51
)
("C:\Users\jacop\AppData\Local\Programs\MiKTeX 2.9\tex\latex\fancyhdr\fancyhdr.
sty"
Package: fancyhdr 2017/06/30 v3.9a Extensive control of page headers and footer
s
\f@nch@headwidth=\skip52
\f@nch@O@elh=\skip53
\f@nch@O@erh=\skip54
\f@nch@O@olh=\skip55
\f@nch@O@orh=\skip56
\f@nch@O@elf=\skip57
\f@nch@O@erf=\skip58
\f@nch@O@olf=\skip59
\f@nch@O@orf=\skip60
)
("C:\Users\jacop\AppData\Local\Programs\MiKTeX 2.9\tex\latex\float\float.sty"
Package: float 2001/11/08 v1.3d Float enhancements (AL)
\c@float@type=\count103
\float@exts=\toks18
\float@box=\box30
\@float@everytoks=\toks19
\@floatcapt=\box31
)
("C:\Users\jacop\AppData\Local\Programs\MiKTeX 2.9\tex\latex\hyperref\hyperref.
sty"
Package: hyperref 2018/09/30 v6.88a Hypertext links for LaTeX

("C:\Users\jacop\AppData\Local\Programs\MiKTeX 2.9\tex\generic\oberdiek\hobsub-
hyperref.sty"
Package: hobsub-hyperref 2016/05/16 v1.14 Bundle oberdiek, subset hyperref (HO)


("C:\Users\jacop\AppData\Local\Programs\MiKTeX 2.9\tex\generic\oberdiek\hobsub-
generic.sty"
Package: hobsub-generic 2016/05/16 v1.14 Bundle oberdiek, subset generic (HO)
Package: hobsub 2016/05/16 v1.14 Construct package bundles (HO)
Package: infwarerr 2016/05/16 v1.4 Providing info/warning/error messages (HO)
Package: ltxcmds 2016/05/16 v1.23 LaTeX kernel commands for general use (HO)
Package: ifluatex 2016/05/16 v1.4 Provides the ifluatex switch (HO)
Package ifluatex Info: LuaTeX not detected.
Package: ifvtex 2016/05/16 v1.6 Detect VTeX and its facilities (HO)
Package ifvtex Info: VTeX not detected.
Package: intcalc 2016/05/16 v1.2 Expandable calculations with integers (HO)
Package: ifpdf 2018/09/07 v3.3 Provides the ifpdf switch
Package: etexcmds 2016/05/16 v1.6 Avoid name clashes with e-TeX commands (HO)
Package etexcmds Info: Could not find \expanded.
(etexcmds)             That can mean that you are not using pdfTeX 1.50 or
(etexcmds)             that some package has redefined \expanded.
(etexcmds)             In the latter case, load this package earlier.
Package: kvsetkeys 2016/05/16 v1.17 Key value parser (HO)
Package: kvdefinekeys 2016/05/16 v1.4 Define keys (HO)
Package: pdftexcmds 2018/09/10 v0.29 Utility functions of pdfTeX for LuaTeX (HO
)
Package pdftexcmds Info: LuaTeX not detected.
Package pdftexcmds Info: \pdf@primitive is available.
Package pdftexcmds Info: \pdf@ifprimitive is available.
Package pdftexcmds Info: \pdfdraftmode found.
Package: pdfescape 2016/05/16 v1.14 Implements pdfTeX's escape features (HO)
Package: bigintcalc 2016/05/16 v1.4 Expandable calculations on big integers (HO
)
Package: bitset 2016/05/16 v1.2 Handle bit-vector datatype (HO)
Package: uniquecounter 2016/05/16 v1.3 Provide unlimited unique counter (HO)
)
Package hobsub Info: Skipping package `hobsub' (already loaded).
Package: letltxmacro 2016/05/16 v1.5 Let assignment for LaTeX macros (HO)
Package: hopatch 2016/05/16 v1.3 Wrapper for package hooks (HO)
Package: xcolor-patch 2016/05/16 xcolor patch
Package: atveryend 2016/05/16 v1.9 Hooks at the very end of document (HO)
Package atveryend Info: \enddocument detected (standard20110627).
Package: atbegshi 2016/06/09 v1.18 At begin shipout hook (HO)
Package: refcount 2016/05/16 v3.5 Data extraction from label references (HO)
Package: hycolor 2016/05/16 v1.8 Color options for hyperref/bookmark (HO)
)
("C:\Users\jacop\AppData\Local\Programs\MiKTeX 2.9\tex\generic\ifxetex\ifxetex.
sty"
Package: ifxetex 2010/09/12 v0.6 Provides ifxetex conditional
)
("C:\Users\jacop\AppData\Local\Programs\MiKTeX 2.9\tex\latex\oberdiek\auxhook.s
ty"
Package: auxhook 2016/05/16 v1.4 Hooks for auxiliary files (HO)
)
("C:\Users\jacop\AppData\Local\Programs\MiKTeX 2.9\tex\latex\oberdiek\kvoptions
.sty"
Package: kvoptions 2016/05/16 v3.12 Key value format for package options (HO)
)
\@linkdim=\dimen114
\Hy@linkcounter=\count104
\Hy@pagecounter=\count105

("C:\Users\jacop\AppData\Local\Programs\MiKTeX 2.9\tex\latex\hyperref\pd1enc.de
f"
File: pd1enc.def 2018/09/30 v6.88a Hyperref: PDFDocEncoding definition (HO)
Now handling font encoding PD1 ...
... no UTF-8 mapping file for font encoding PD1
)
\Hy@SavedSpaceFactor=\count106

("C:\Users\jacop\AppData\Local\Programs\MiKTeX 2.9\tex\latex\00miktex\hyperref.
cfg"
File: hyperref.cfg 2002/06/06 v1.2 hyperref configuration of TeXLive
)
Package hyperref Info: Hyper figures OFF on input line 4535.
Package hyperref Info: Link nesting OFF on input line 4540.
Package hyperref Info: Hyper index ON on input line 4543.
Package hyperref Info: Plain pages OFF on input line 4550.
Package hyperref Info: Backreferencing OFF on input line 4555.
Package hyperref Info: Implicit mode ON; LaTeX internals redefined.
Package hyperref Info: Bookmarks ON on input line 4788.
\c@Hy@tempcnt=\count107
 ("C:\Users\jacop\AppData\Local\Programs\MiKTeX 2.9\tex\latex\url\url.sty"
\Urlmuskip=\muskip10
Package: url 2013/09/16  ver 3.4  Verb mode for urls, etc.
)
LaTeX Info: Redefining \url on input line 5141.
\XeTeXLinkMargin=\dimen115
\Fld@menulength=\count108
\Field@Width=\dimen116
\Fld@charsize=\dimen117
Package hyperref Info: Hyper figures OFF on input line 6396.
Package hyperref Info: Link nesting OFF on input line 6401.
Package hyperref Info: Hyper index ON on input line 6404.
Package hyperref Info: backreferencing OFF on input line 6411.
Package hyperref Info: Link coloring OFF on input line 6416.
Package hyperref Info: Link coloring with OCG OFF on input line 6421.
Package hyperref Info: PDF/A mode OFF on input line 6426.
LaTeX Info: Redefining \ref on input line 6466.
LaTeX Info: Redefining \pageref on input line 6470.
\Hy@abspage=\count109
\c@Item=\count110
\c@Hfootnote=\count111
)
Package hyperref Info: Driver (autodetected): hpdftex.

("C:\Users\jacop\AppData\Local\Programs\MiKTeX 2.9\tex\latex\hyperref\hpdftex.d
ef"
File: hpdftex.def 2018/09/30 v6.88a Hyperref driver for pdfTeX
\Fld@listcount=\count112
\c@bookmark@seq@number=\count113

("C:\Users\jacop\AppData\Local\Programs\MiKTeX 2.9\tex\latex\oberdiek\rerunfile
check.sty"
Package: rerunfilecheck 2016/05/16 v1.8 Rerun checks for auxiliary files (HO)
Package uniquecounter Info: New unique counter `rerunfilecheck' on input line 2
82.
)
\Hy@SectionHShift=\skip61
)
("C:\Users\jacop\AppData\Local\Programs\MiKTeX 2.9\tex\latex\parskip\parskip.st
y"
Package: parskip 2018-08-24 v2.0a non-zero parskip adjustments

("C:\Users\jacop\AppData\Local\Programs\MiKTeX 2.9\tex\latex\etoolbox\etoolbox.
sty"
Package: etoolbox 2018/08/19 v2.5f e-TeX tools for LaTeX (JAW)
\etb@tempcnta=\count114
))
("C:\Users\jacop\AppData\Local\Programs\MiKTeX 2.9\tex\latex\listings\listings.
sty"
\lst@mode=\count115
\lst@gtempboxa=\box32
\lst@token=\toks20
\lst@length=\count116
\lst@currlwidth=\dimen118
\lst@column=\count117
\lst@pos=\count118
\lst@lostspace=\dimen119
\lst@width=\dimen120
\lst@newlines=\count119
\lst@lineno=\count120
\lst@maxwidth=\dimen121

("C:\Users\jacop\AppData\Local\Programs\MiKTeX 2.9\tex\latex\listings\lstmisc.s
ty"
File: lstmisc.sty 2018/09/02 1.7 (Carsten Heinz)
\c@lstnumber=\count121
\lst@skipnumbers=\count122
\lst@framebox=\box33
)
("C:\Users\jacop\AppData\Local\Programs\MiKTeX 2.9\tex\latex\listings\listings.
cfg"
File: listings.cfg 2018/09/02 1.7 listings configuration
))
Package: listings 2018/09/02 1.7 (Carsten Heinz)

("C:\Users\jacop\AppData\Local\Programs\MiKTeX 2.9\tex\latex\listings\lstlang1.
sty"
File: lstlang1.sty 2018/09/02 1.7 listings language file
) (DD.aux

LaTeX Warning: Label `fig:nonfloat' multiply defined.


LaTeX Warning: Label `fig:nonfloat' multiply defined.


LaTeX Warning: Label `fig:nonfloat' multiply defined.


LaTeX Warning: Label `fig:nonfloat' multiply defined.


LaTeX Warning: Label `fig:nonfloat' multiply defined.


LaTeX Warning: Label `fig:nonfloat' multiply defined.


LaTeX Warning: Label `fig:nonfloat' multiply defined.


LaTeX Warning: Label `fig:nonfloat' multiply defined.


LaTeX Warning: Label `fig:nonfloat' multiply defined.


LaTeX Warning: Label `fig:nonfloat' multiply defined.


LaTeX Warning: Label `fig:nonfloat' multiply defined.


LaTeX Warning: Label `fig:nonfloat' multiply defined.


LaTeX Warning: Label `fig:nonfloat' multiply defined.


LaTeX Warning: Label `fig:nonfloat' multiply defined.


LaTeX Warning: Label `fig:nonfloat' multiply defined.


LaTeX Warning: Label `fig:nonfloat' multiply defined.


LaTeX Warning: Label `fig:nonfloat' multiply defined.


LaTeX Warning: Label `fig:nonfloat' multiply defined.


LaTeX Warning: Label `fig:nonfloat' multiply defined.


LaTeX Warning: Label `fig:nonfloat' multiply defined.


LaTeX Warning: Label `fig:nonfloat' multiply defined.


LaTeX Warning: Label `fig:nonfloat' multiply defined.


LaTeX Warning: Label `fig:nonfloat' multiply defined.


LaTeX Warning: Label `fig:nonfloat' multiply defined.


LaTeX Warning: Label `fig:nonfloat' multiply defined.


LaTeX Warning: Label `fig:nonfloat' multiply defined.


LaTeX Warning: Label `fig:nonfloat' multiply defined.

)
\openout1 = `DD.aux'.

LaTeX Font Info:    Checking defaults for OML/cmm/m/it on input line 95.
LaTeX Font Info:    ... okay on input line 95.
LaTeX Font Info:    Checking defaults for T1/cmr/m/n on input line 95.
LaTeX Font Info:    ... okay on input line 95.
LaTeX Font Info:    Checking defaults for OT1/cmr/m/n on input line 95.
LaTeX Font Info:    ... okay on input line 95.
LaTeX Font Info:    Checking defaults for OMS/cmsy/m/n on input line 95.
LaTeX Font Info:    ... okay on input line 95.
LaTeX Font Info:    Checking defaults for OMX/cmex/m/n on input line 95.
LaTeX Font Info:    ... okay on input line 95.
LaTeX Font Info:    Checking defaults for U/cmr/m/n on input line 95.
LaTeX Font Info:    ... okay on input line 95.
LaTeX Font Info:    Checking defaults for PD1/pdf/m/n on input line 95.
LaTeX Font Info:    ... okay on input line 95.

("C:\Users\jacop\AppData\Local\Programs\MiKTeX 2.9\tex\context\base\supp-pdf.mk
ii"
[Loading MPS to PDF converter (version 2006.09.02).]
\scratchcounter=\count123
\scratchdimen=\dimen122
\scratchbox=\box34
\nofMPsegments=\count124
\nofMParguments=\count125
\everyMPshowfont=\toks21
\MPscratchCnt=\count126
\MPscratchDim=\dimen123
\MPnumerator=\count127
\makeMPintoPDFobject=\count128
\everyMPtoPDFconversion=\toks22
)
("C:\Users\jacop\AppData\Local\Programs\MiKTeX 2.9\tex\latex\oberdiek\epstopdf-
base.sty"
Package: epstopdf-base 2016/05/15 v2.6 Base part for package epstopdf

("C:\Users\jacop\AppData\Local\Programs\MiKTeX 2.9\tex\latex\oberdiek\grfext.st
y"
Package: grfext 2016/05/16 v1.2 Manage graphics extensions (HO)
)
Package epstopdf-base Info: Redefining graphics rule for `.eps' on input line 4
38.
Package grfext Info: Graphics extension search list:
(grfext)             [.pdf,.png,.jpg,.mps,.jpeg,.jbig2,.jb2,.PDF,.PNG,.JPG,.JPE
G,.JBIG2,.JB2,.eps]
(grfext)             \AppendGraphicsExtensions on input line 456.
)
Package caption Info: Begin \AtBeginDocument code.
Package caption Info: subfig package v1.3 is loaded.
Package caption Info: float package is loaded.
Package caption Info: hyperref package is loaded.
Package caption Info: listings package is loaded.
Package caption Info: longtable package is loaded.

("C:\Users\jacop\AppData\Local\Programs\MiKTeX 2.9\tex\latex\caption\ltcaption.
sty"
Package: ltcaption 2018/08/26 v1.4-95 longtable captions (AR)
)
Package caption Info: End \AtBeginDocument code.
\AtBeginShipoutBox=\box35
Package hyperref Info: Link coloring OFF on input line 95.

("C:\Users\jacop\AppData\Local\Programs\MiKTeX 2.9\tex\latex\hyperref\nameref.s
ty"
Package: nameref 2016/05/21 v2.44 Cross-referencing by name of section

("C:\Users\jacop\AppData\Local\Programs\MiKTeX 2.9\tex\generic\oberdiek\gettitl
estring.sty"
Package: gettitlestring 2016/05/16 v1.5 Cleanup title references (HO)
)
\c@section@level=\count129
)
LaTeX Info: Redefining \ref on input line 95.
LaTeX Info: Redefining \pageref on input line 95.
LaTeX Info: Redefining \nameref on input line 95.
 (DD.out) (DD.out)
\@outlinefile=\write4
\openout4 = `DD.out'.

\c@lstlisting=\count130
<Images/PolitecnicoLogo.png, id=151, 803.0pt x 501.875pt>
File: Images/PolitecnicoLogo.png Graphic file (type png)
<use Images/PolitecnicoLogo.png>
Package pdftex.def Info: Images/PolitecnicoLogo.png  used on input line 101.
(pdftex.def)             Requested size: 182.08852pt x 113.80533pt.
<Images/TrackMeLogo.png, id=153, 1121.18875pt x 436.63126pt>
File: Images/TrackMeLogo.png Graphic file (type png)
<use Images/TrackMeLogo.png>
Package pdftex.def Info: Images/TrackMeLogo.png  used on input line 105.
(pdftex.def)             Requested size: 344.99873pt x 134.35492pt.
 [1

{C:/Users/jacop/AppData/Local/MiKTeX/2.9/pdftex/config/pdftex.map} <./Images/Po
litecnicoLogo.png> <./Images/TrackMeLogo.png>] (DD.toc
LaTeX Font Info:    External font `cmex10' loaded for size
(Font)              <7> on input line 3.
LaTeX Font Info:    External font `cmex10' loaded for size
(Font)              <5> on input line 3.
LaTeX Font Info:    Try loading font information for OMS+cmr on input line 64.

("C:\Users\jacop\AppData\Local\Programs\MiKTeX 2.9\tex\latex\base\omscmr.fd"
File: omscmr.fd 2014/09/29 v2.5h Standard LaTeX font definitions
)
LaTeX Font Info:    Font shape `OMS/cmr/m/n' in size <9> not available
(Font)              Font shape `OMS/cmsy/m/n' tried instead on input line 64.

[1

])
\tf@toc=\write5
\openout5 = `DD.toc'.

 [2] (1.Introduction/Introduction.tex
Chapter 1.
(1.Introduction/1.Purpose/Purpose.tex) (1.Introduction/2.Scope/Scope.tex
Underfull \hbox (badness 10000) in paragraph at lines 5--3

 []


Underfull \hbox (badness 10000) in paragraph at lines 5--3

 []


Underfull \hbox (badness 10000) in paragraph at lines 5--3

 []

)
(1.Introduction/3.DefinitionsAcronymsAbbreviations/DefinitionsAcronymsAbbreviat
ions.tex
Underfull \hbox (badness 10000) in paragraph at lines 4--3

 []


Underfull \hbox (badness 10000) in paragraph at lines 4--3

 []

[3

]
Overfull \hbox (2.04608pt too wide) in paragraph at lines 8--9
[]\OT1/cmr/m/n/10 a com-pany that is will-ing to ac-cess \OT1/cmr/m/it/10 User 
data \OT1/cmr/m/n/10 stored in Data4Help
 []

[4])
LaTeX Font Info:    Font shape `OMS/cmr/m/n' in size <10> not available
(Font)              Font shape `OMS/cmsy/m/n' tried instead on input line 20.
 [5]
Overfull \hbox (0.47276pt too wide) in paragraph at lines 37--38
\OT1/cmr/m/n/10 Chap-ter 2, al-low the sat-is-fac-tion of each re-quire-ment of
 sec-tion 3.2.5 of [][3][]. 
 []


Overfull \hbox (12.0974pt too wide) in paragraph at lines 43--44
 []\OT1/cmr/bx/n/10 Chapter 7[] \OT1/cmr/m/n/10 Ref-er-ences of doc-u-ments tha
t this project was de-vel-oped upon. 
 []

) (2.ArchitecturalDesign/ArchitecturalDesign.tex [6]
Chapter 2.
(2.ArchitecturalDesign/1.Overview/Overview.tex
<Images/Overviews/OverviewData4Help.jpg, id=249, 974.64125pt x 654.445pt>
File: Images/Overviews/OverviewData4Help.jpg Graphic file (type jpg)
<use Images/Overviews/OverviewData4Help.jpg>
Package pdftex.def Info: Images/Overviews/OverviewData4Help.jpg  used on input 
line 6.
(pdftex.def)             Requested size: 344.99622pt x 231.65555pt.
<Images/Overviews/OverviewAutomatedSOS.jpg, id=250, 974.64125pt x 398.48875pt>
File: Images/Overviews/OverviewAutomatedSOS.jpg Graphic file (type jpg)
<use Images/Overviews/OverviewAutomatedSOS.jpg>
Package pdftex.def Info: Images/Overviews/OverviewAutomatedSOS.jpg  used on inp
ut line 12.
(pdftex.def)             Requested size: 344.99622pt x 141.05406pt.
 [7

 <./Images/Overviews/OverviewData4Help.jpg>]
<Images/Overviews/OverviewTrack4Run.jpg, id=256, 974.64125pt x 654.445pt>
File: Images/Overviews/OverviewTrack4Run.jpg Graphic file (type jpg)
<use Images/Overviews/OverviewTrack4Run.jpg>
Package pdftex.def Info: Images/Overviews/OverviewTrack4Run.jpg  used on input 
line 14.
(pdftex.def)             Requested size: 344.99622pt x 231.65555pt.
 [8 <./Images/Overviews/OverviewAutomatedSOS.jpg>])
(2.ArchitecturalDesign/2.ComponentView/ComponentView.tex
<Images/Component_Diagrams/ComponentData4HelpView.jpg, id=262, 974.64125pt x 46
9.755pt>
File: Images/Component_Diagrams/ComponentData4HelpView.jpg Graphic file (type j
pg)
<use Images/Component_Diagrams/ComponentData4HelpView.jpg>
Package pdftex.def Info: Images/Component_Diagrams/ComponentData4HelpView.jpg  
used on input line 5.
(pdftex.def)             Requested size: 344.99622pt x 166.28036pt.
 [9 <./Images/Overviews/OverviewTrack4Run.jpg>]
<Images/Component_Diagrams/ComponentData4Help.jpg, id=268, 974.64125pt x 626.34
pt>
File: Images/Component_Diagrams/ComponentData4Help.jpg Graphic file (type jpg)
<use Images/Component_Diagrams/ComponentData4Help.jpg>
Package pdftex.def Info: Images/Component_Diagrams/ComponentData4Help.jpg  used
 on input line 10.
(pdftex.def)             Requested size: 344.99622pt x 221.70714pt.
 [10 <./Images/Component_Diagrams/ComponentData4HelpView.jpg>] [11 <./Images/Co
mponent_Diagrams/ComponentData4Help.jpg>]
<Images/Component_Diagrams/ComponentUserAppData4Help.jpg, id=280, 974.64125pt x
 558.085pt>
File: Images/Component_Diagrams/ComponentUserAppData4Help.jpg Graphic file (typ
e jpg)
<use Images/Component_Diagrams/ComponentUserAppData4Help.jpg>
Package pdftex.def Info: Images/Component_Diagrams/ComponentUserAppData4Help.jp
g  used on input line 19.
(pdftex.def)             Requested size: 344.99622pt x 197.54675pt.

Overfull \hbox (1.02672pt too wide) in paragraph at lines 21--25
[]\OT1/cmr/m/n/10 The Data4Help User Ap-pli-ca-tion is used by \OT1/cmr/m/it/10
 Users \OT1/cmr/m/n/10 to in-ter-act with the Data4Help
 []

<Images/Component_Diagrams/ComponentAutomatedSOS.jpg, id=281, 974.64125pt x 584
.1825pt>
File: Images/Component_Diagrams/ComponentAutomatedSOS.jpg Graphic file (type jp
g)
<use Images/Component_Diagrams/ComponentAutomatedSOS.jpg>
Package pdftex.def Info: Images/Component_Diagrams/ComponentAutomatedSOS.jpg  u
sed on input line 26.
(pdftex.def)             Requested size: 344.99622pt x 206.78455pt.
[12 <./Images/Component_Diagrams/ComponentUserAppData4Help.jpg>]
<Images/Component_Diagrams/ComponentTrack4Run.jpg, id=288, 974.64125pt x 656.45
25pt>
File: Images/Component_Diagrams/ComponentTrack4Run.jpg Graphic file (type jpg)
<use Images/Component_Diagrams/ComponentTrack4Run.jpg>
Package pdftex.def Info: Images/Component_Diagrams/ComponentTrack4Run.jpg  used
 on input line 31.
(pdftex.def)             Requested size: 344.99622pt x 232.36613pt.
 [13 <./Images/Component_Diagrams/ComponentAutomatedSOS.jpg>] [14 <./Images/Com
ponent_Diagrams/ComponentTrack4Run.jpg>])
(2.ArchitecturalDesign/3.DeploymentView/DeploymentView.tex
Underfull \hbox (badness 10000) in paragraph at lines 5--8

 []

<Images/Deployment_Diagrams/DeploymentDiagramData4Help.jpg, id=299, 974.64125pt
 x 681.54625pt>
File: Images/Deployment_Diagrams/DeploymentDiagramData4Help.jpg Graphic file (t
ype jpg)
<use Images/Deployment_Diagrams/DeploymentDiagramData4Help.jpg>
Package pdftex.def Info: Images/Deployment_Diagrams/DeploymentDiagramData4Help.
jpg  used on input line 9.
(pdftex.def)             Requested size: 344.99622pt x 241.24864pt.
<Images/Deployment_Diagrams/DeploymentDiagramAutomatedSOS.jpg, id=300, 974.6412
5pt x 681.54625pt>
File: Images/Deployment_Diagrams/DeploymentDiagramAutomatedSOS.jpg Graphic file
 (type jpg)
<use Images/Deployment_Diagrams/DeploymentDiagramAutomatedSOS.jpg>
Package pdftex.def Info: Images/Deployment_Diagrams/DeploymentDiagramAutomatedS
OS.jpg  used on input line 11.
(pdftex.def)             Requested size: 344.99622pt x 241.24864pt.
[15 <./Images/Deployment_Diagrams/DeploymentDiagramData4Help.jpg>]
<Images/Deployment_Diagrams/DeploymentDiagramTrack4Run.jpg, id=306, 974.64125pt
 x 681.54625pt>
File: Images/Deployment_Diagrams/DeploymentDiagramTrack4Run.jpg Graphic file (t
ype jpg)
<use Images/Deployment_Diagrams/DeploymentDiagramTrack4Run.jpg>
Package pdftex.def Info: Images/Deployment_Diagrams/DeploymentDiagramTrack4Run.
jpg  used on input line 13.
(pdftex.def)             Requested size: 344.99622pt x 241.24864pt.
)
(2.ArchitecturalDesign/4.RuntimeView/RuntimeView.tex
Underfull \hbox (badness 10000) in paragraph at lines 4--6

 []


Underfull \hbox (badness 10000) in paragraph at lines 4--6

 []

[16 <./Images/Deployment_Diagrams/DeploymentDiagramAutomatedSOS.jpg> <./Images/
Deployment_Diagrams/DeploymentDiagramTrack4Run.jpg>]
<Images/Sequence_Diagrams/SequenceDiagramLogin.jpg, id=314, 974.64125pt x 498.8
6375pt>
File: Images/Sequence_Diagrams/SequenceDiagramLogin.jpg Graphic file (type jpg)

<use Images/Sequence_Diagrams/SequenceDiagramLogin.jpg>
Package pdftex.def Info: Images/Sequence_Diagrams/SequenceDiagramLogin.jpg  use
d on input line 7.
(pdftex.def)             Requested size: 344.99622pt x 176.58406pt.
<Images/Sequence_Diagrams/SequenceDiagramNotifications.jpg, id=315, 974.64125pt
 x 521.95pt>
File: Images/Sequence_Diagrams/SequenceDiagramNotifications.jpg Graphic file (t
ype jpg)
<use Images/Sequence_Diagrams/SequenceDiagramNotifications.jpg>
Package pdftex.def Info: Images/Sequence_Diagrams/SequenceDiagramNotifications.
jpg  used on input line 10.
(pdftex.def)             Requested size: 344.99622pt x 184.75595pt.
 [17 <./Images/Sequence_Diagrams/SequenceDiagramLogin.jpg>]
<Images/Sequence_Diagrams/SequenceDiagramUserDataRequest.jpg, id=321, 974.64125
pt x 530.98375pt>
File: Images/Sequence_Diagrams/SequenceDiagramUserDataRequest.jpg Graphic file 
(type jpg)
<use Images/Sequence_Diagrams/SequenceDiagramUserDataRequest.jpg>
Package pdftex.def Info: Images/Sequence_Diagrams/SequenceDiagramUserDataReques
t.jpg  used on input line 13.
(pdftex.def)             Requested size: 344.99622pt x 187.95364pt.
 [18 <./Images/Sequence_Diagrams/SequenceDiagramNotifications.jpg> <./Images/Se
quence_Diagrams/SequenceDiagramUserDataRequest.jpg>]
<Images/Sequence_Diagrams/SequenceDiagramGroupDataRequest.jpg, id=329, 974.6412
5pt x 554.07pt>
File: Images/Sequence_Diagrams/SequenceDiagramGroupDataRequest.jpg Graphic file
 (type jpg)
<use Images/Sequence_Diagrams/SequenceDiagramGroupDataRequest.jpg>
Package pdftex.def Info: Images/Sequence_Diagrams/SequenceDiagramGroupDataReque
st.jpg  used on input line 16.
(pdftex.def)             Requested size: 344.99622pt x 196.12555pt.
<Images/Sequence_Diagrams/SequenceDiagramAddNewService.jpg, id=330, 974.64125pt
 x 765.86125pt>
File: Images/Sequence_Diagrams/SequenceDiagramAddNewService.jpg Graphic file (t
ype jpg)
<use Images/Sequence_Diagrams/SequenceDiagramAddNewService.jpg>
Package pdftex.def Info: Images/Sequence_Diagrams/SequenceDiagramAddNewService.
jpg  used on input line 19.
(pdftex.def)             Requested size: 344.99622pt x 271.09383pt.
 [19 <./Images/Sequence_Diagrams/SequenceDiagramGroupDataRequest.jpg>]
<Images/Sequence_Diagrams/SequenceDiagramUserInNeedAssistance.jpg, id=336, 974.
64125pt x 449.68pt>
File: Images/Sequence_Diagrams/SequenceDiagramUserInNeedAssistance.jpg Graphic 
file (type jpg)
<use Images/Sequence_Diagrams/SequenceDiagramUserInNeedAssistance.jpg>
Package pdftex.def Info: Images/Sequence_Diagrams/SequenceDiagramUserInNeedAssi
stance.jpg  used on input line 25.
(pdftex.def)             Requested size: 344.99622pt x 159.17435pt.

[20 <./Images/Sequence_Diagrams/SequenceDiagramAddNewService.jpg>] [21 <./Image
s/Sequence_Diagrams/SequenceDiagramUserInNeedAssistance.jpg>]
<Images/Sequence_Diagrams/SequenceDiagramOrganizeRun.jpg, id=347, 974.64125pt x
 523.9575pt>
File: Images/Sequence_Diagrams/SequenceDiagramOrganizeRun.jpg Graphic file (typ
e jpg)
<use Images/Sequence_Diagrams/SequenceDiagramOrganizeRun.jpg>
Package pdftex.def Info: Images/Sequence_Diagrams/SequenceDiagramOrganizeRun.jp
g  used on input line 30.
(pdftex.def)             Requested size: 344.99622pt x 185.46655pt.
<Images/Sequence_Diagrams/SequenceDiagramParticipantEnrollment.jpg, id=348, 974
.64125pt x 758.835pt>
File: Images/Sequence_Diagrams/SequenceDiagramParticipantEnrollment.jpg Graphic
 file (type jpg)
<use Images/Sequence_Diagrams/SequenceDiagramParticipantEnrollment.jpg>
Package pdftex.def Info: Images/Sequence_Diagrams/SequenceDiagramParticipantEnr
ollment.jpg  used on input line 33.
(pdftex.def)             Requested size: 344.99622pt x 268.60674pt.
 [22 <./Images/Sequence_Diagrams/SequenceDiagramOrganizeRun.jpg>] [23 <./Images
/Sequence_Diagrams/SequenceDiagramParticipantEnrollment.jpg>])
(2.ArchitecturalDesign/5.ComponentInterfaces/ComponentInterfaces.tex
Underfull \hbox (badness 10000) in paragraph at lines 7--10

 []


Underfull \hbox (badness 10000) in paragraph at lines 7--10

 []

[24] [25] [26] [27])
(2.ArchitecturalDesign/6.SelectedArchitecturalStyles/SelectedArchitecturalStyle
s.tex [28] [29]
Overfull \hbox (12.861pt too wide) in paragraph at lines 41--42
[]\OT1/cmr/bx/n/10 New Data In-ter-face \OT1/cmr/m/n/10 must re-spect the doc-u
-men-ta-tion pro-vided by TrackMe.
 []

) (2.ArchitecturalDesign/7.OtherDesignDecisions/OtherDesignDecisions.tex
<Images/UML_Diagrams/UMLData4Help.jpg, id=525, 974.64125pt x 621.32124pt>
File: Images/UML_Diagrams/UMLData4Help.jpg Graphic file (type jpg)
<use Images/UML_Diagrams/UMLData4Help.jpg>
Package pdftex.def Info: Images/UML_Diagrams/UMLData4Help.jpg  used on input li
ne 5.
(pdftex.def)             Requested size: 344.99622pt x 219.93065pt.
<Images/UML_Diagrams/UMLUserApp.jpg, id=526, 974.64125pt x 512.91624pt>
File: Images/UML_Diagrams/UMLUserApp.jpg Graphic file (type jpg)
<use Images/UML_Diagrams/UMLUserApp.jpg>
Package pdftex.def Info: Images/UML_Diagrams/UMLUserApp.jpg  used on input line
 6.
(pdftex.def)             Requested size: 344.99622pt x 181.55826pt.

[30]
<Images/UML_Diagrams/UMLAutomatedSOS.jpg, id=534, 974.64125pt x 430.60875pt>
File: Images/UML_Diagrams/UMLAutomatedSOS.jpg Graphic file (type jpg)
<use Images/UML_Diagrams/UMLAutomatedSOS.jpg>
Package pdftex.def Info: Images/UML_Diagrams/UMLAutomatedSOS.jpg  used on input
 line 7.
(pdftex.def)             Requested size: 344.99622pt x 152.42365pt.
<Images/UML_Diagrams/UMLTrack4Run.jpg, id=535, 974.64125pt x 471.7625pt>
File: Images/UML_Diagrams/UMLTrack4Run.jpg Graphic file (type jpg)
<use Images/UML_Diagrams/UMLTrack4Run.jpg>
Package pdftex.def Info: Images/UML_Diagrams/UMLTrack4Run.jpg  used on input li
ne 8.
(pdftex.def)             Requested size: 344.99622pt x 166.99095pt.
 [31 <./Images/UML_Diagrams/UMLData4Help.jpg> <./Images/UML_Diagrams/UMLUserApp
.jpg>] [32 <./Images/UML_Diagrams/UMLAutomatedSOS.jpg> <./Images/UML_Diagrams/U
MLTrack4Run.jpg>] [33])) (3.UserInterfaceDesign/UserInterfaceDesign.tex
[34]
Chapter 3.
<Images/Mockups/0_FirstFrame.png, id=562, 431.6125pt x 843.15pt>
File: Images/Mockups/0_FirstFrame.png Graphic file (type png)
<use Images/Mockups/0_FirstFrame.png>
Package pdftex.def Info: Images/Mockups/0_FirstFrame.png  used on input line 5.

(pdftex.def)             Requested size: 117.97264pt x 230.46748pt.
<Images/Mockups/1_0_Login.png, id=563, 431.6125pt x 843.15pt>
File: Images/Mockups/1_0_Login.png Graphic file (type png)
<use Images/Mockups/1_0_Login.png>
Package pdftex.def Info: Images/Mockups/1_0_Login.png  used on input line 5.
(pdftex.def)             Requested size: 117.97264pt x 230.46748pt.
<Images/Mockups/1_1_Registration.png, id=564, 431.6125pt x 843.15pt>
File: Images/Mockups/1_1_Registration.png Graphic file (type png)
<use Images/Mockups/1_1_Registration.png>
Package pdftex.def Info: Images/Mockups/1_1_Registration.png  used on input lin
e 6.
(pdftex.def)             Requested size: 117.97264pt x 230.46748pt.
<Images/Mockups/2_Menu.png, id=565, 431.6125pt x 843.15pt>
File: Images/Mockups/2_Menu.png Graphic file (type png)
<use Images/Mockups/2_Menu.png>
Package pdftex.def Info: Images/Mockups/2_Menu.png  used on input line 6.
(pdftex.def)             Requested size: 117.97264pt x 230.46748pt.
<Images/Mockups/3_0_MyServices.png, id=566, 431.6125pt x 843.15pt>
File: Images/Mockups/3_0_MyServices.png Graphic file (type png)
<use Images/Mockups/3_0_MyServices.png>
Package pdftex.def Info: Images/Mockups/3_0_MyServices.png  used on input line 
7.
(pdftex.def)             Requested size: 117.97264pt x 230.46748pt.
<Images/Mockups/3_1_DiscoverServices.png, id=567, 431.6125pt x 843.15pt>
File: Images/Mockups/3_1_DiscoverServices.png Graphic file (type png)
<use Images/Mockups/3_1_DiscoverServices.png>
Package pdftex.def Info: Images/Mockups/3_1_DiscoverServices.png  used on input
 line 7.
(pdftex.def)             Requested size: 117.97264pt x 230.46748pt.
[35

 <./Images/Mockups/0_FirstFrame.png> <./Images/Mockups/1_0_Login.png>]
<Images/Mockups/3_2_ServicePageData4Help.png, id=578, 431.6125pt x 843.15pt>
File: Images/Mockups/3_2_ServicePageData4Help.png Graphic file (type png)
<use Images/Mockups/3_2_ServicePageData4Help.png>
Package pdftex.def Info: Images/Mockups/3_2_ServicePageData4Help.png  used on i
nput line 8.
(pdftex.def)             Requested size: 117.97264pt x 230.46748pt.
<Images/Mockups/3_3_RevokeConsentData4Help.png, id=579, 431.6125pt x 843.15pt>
File: Images/Mockups/3_3_RevokeConsentData4Help.png Graphic file (type png)
<use Images/Mockups/3_3_RevokeConsentData4Help.png>
Package pdftex.def Info: Images/Mockups/3_3_RevokeConsentData4Help.png  used on
 input line 8.
(pdftex.def)             Requested size: 117.97264pt x 230.46748pt.
<Images/Mockups/3_4_AutomatedSOS.png, id=580, 431.6125pt x 843.15pt>
File: Images/Mockups/3_4_AutomatedSOS.png Graphic file (type png)
<use Images/Mockups/3_4_AutomatedSOS.png>
Package pdftex.def Info: Images/Mockups/3_4_AutomatedSOS.png  used on input lin
e 9.
(pdftex.def)             Requested size: 117.97264pt x 230.46748pt.
<Images/Mockups/5_3_OrganizerRegistrationTrack4Run.png, id=581, 431.6125pt x 84
3.15pt>
File: Images/Mockups/5_3_OrganizerRegistrationTrack4Run.png Graphic file (type 
png)
<use Images/Mockups/5_3_OrganizerRegistrationTrack4Run.png>
Package pdftex.def Info: Images/Mockups/5_3_OrganizerRegistrationTrack4Run.png 
 used on input line 9.
(pdftex.def)             Requested size: 117.97264pt x 230.46748pt.

[36 <./Images/Mockups/1_1_Registration.png> <./Images/Mockups/2_Menu.png> <./Im
ages/Mockups/3_0_MyServices.png> <./Images/Mockups/3_1_DiscoverServices.png>]
<Images/Mockups/5_1_CreateRunTrack4Run.png, id=597, 431.6125pt x 843.15pt>
File: Images/Mockups/5_1_CreateRunTrack4Run.png Graphic file (type png)
<use Images/Mockups/5_1_CreateRunTrack4Run.png>
Package pdftex.def Info: Images/Mockups/5_1_CreateRunTrack4Run.png  used on inp
ut line 10.
(pdftex.def)             Requested size: 117.97264pt x 230.46748pt.
<Images/Mockups/5_4_DiscoverRunsTrack4Run.png, id=598, 431.6125pt x 843.15pt>
File: Images/Mockups/5_4_DiscoverRunsTrack4Run.png Graphic file (type png)
<use Images/Mockups/5_4_DiscoverRunsTrack4Run.png>
Package pdftex.def Info: Images/Mockups/5_4_DiscoverRunsTrack4Run.png  used on 
input line 10.
(pdftex.def)             Requested size: 117.97264pt x 230.46748pt.
<Images/Mockups/5_5_WatchRunTrack4Run.png, id=599, 431.6125pt x 843.15pt>
File: Images/Mockups/5_5_WatchRunTrack4Run.png Graphic file (type png)
<use Images/Mockups/5_5_WatchRunTrack4Run.png>
Package pdftex.def Info: Images/Mockups/5_5_WatchRunTrack4Run.png  used on inpu
t line 11.
(pdftex.def)             Requested size: 117.97264pt x 230.46748pt.
<Images/Mockups/5_6_LiveRunTrack4Run.png, id=600, 431.6125pt x 843.15pt>
File: Images/Mockups/5_6_LiveRunTrack4Run.png Graphic file (type png)
<use Images/Mockups/5_6_LiveRunTrack4Run.png>
Package pdftex.def Info: Images/Mockups/5_6_LiveRunTrack4Run.png  used on input
 line 11.
(pdftex.def)             Requested size: 117.97264pt x 230.46748pt.

[37 <./Images/Mockups/3_2_ServicePageData4Help.png> <./Images/Mockups/3_3_Revok
eConsentData4Help.png> <./Images/Mockups/3_4_AutomatedSOS.png> <./Images/Mockup
s/5_3_OrganizerRegistrationTrack4Run.png>]
Overfull \hbox (3.56973pt too wide) in paragraph at lines 12--12
[]\OT1/cmr/bx/n/14.4 Mapping User In-ter-faces to Com-po-nents 
 []

[38 <./Images/Mockups/5_1_CreateRunTrack4Run.png> <./Images/Mockups/5_4_Discove
rRunsTrack4Run.png> <./Images/Mockups/5_5_WatchRunTrack4Run.png> <./Images/Mock
ups/5_6_LiveRunTrack4Run.png>] [39] [40])
(4.RequirementsTraceability/RequirementsTraceability.tex [41]
Chapter 4.

Overfull \hbox (2.69507pt too wide) in paragraph at lines 7--8
[]\OT1/cmr/m/n/10 Unregistered in-di-vid-u-als and com-pa-nies must not be able
 to use Data4Help. 
 []

[42

] [43] [44] [45] [46])
(5.ImplementationIntegrationTestPlan/ImplementationIntegrationTestPlan.tex
[47]
Chapter 5.
[48

] [49] [50] [51]
Underfull \hbox (badness 10000) in paragraph at lines 143--145

 []

<Images/IIT_Diagrams/ImplementationPlan.jpg, id=695, 824.07875pt x 462.72874pt>

File: Images/IIT_Diagrams/ImplementationPlan.jpg Graphic file (type jpg)
<use Images/IIT_Diagrams/ImplementationPlan.jpg>
Package pdftex.def Info: Images/IIT_Diagrams/ImplementationPlan.jpg  used on in
put line 146.
(pdftex.def)             Requested size: 345.00417pt x 193.7234pt.
[52 <./Images/IIT_Diagrams/ImplementationPlan.jpg>]
Underfull \hbox (badness 10000) in paragraph at lines 159--161

 []


Overfull \hbox (11.20189pt too wide) in paragraph at lines 166--167
[]\OT1/cmr/m/n/10 Data4Help Server: No-ti-fi-ca-tions Man-ager \OT1/cmr/bx/n/10
 and \OT1/cmr/m/n/10 Data4Help Server: Data4Help
 []

[53]
Overfull \hbox (3.95073pt too wide) in paragraph at lines 188--189
[]\OT1/cmr/m/n/10 AutomatedSOS Server: User Mon-i-tor \OT1/cmr/bx/n/10 and \OT1
/cmr/m/n/10 Lo-cal Emer-gency Ser-vices Caller 
 []

[54]
Underfull \hbox (badness 10000) in paragraph at lines 206--209

 []


Overfull \hbox (3.74953pt too wide) in paragraph at lines 206--209
\OT1/cmr/m/n/10 For ex-am-ple, Au-to-mat-ed-SOS Server: Data Re-ceiver is in-te
-grated with Data4Help
 []


Underfull \hbox (badness 10000) in paragraph at lines 206--209

 []

<Images/IIT_Diagrams/IntegrationPlan.jpg, id=719, 831.105pt x 522.95375pt>
File: Images/IIT_Diagrams/IntegrationPlan.jpg Graphic file (type jpg)
<use Images/IIT_Diagrams/IntegrationPlan.jpg>
Package pdftex.def Info: Images/IIT_Diagrams/IntegrationPlan.jpg  used on input
 line 210.
(pdftex.def)             Requested size: 345.0036pt x 217.08559pt.
[55 <./Images/IIT_Diagrams/IntegrationPlan.jpg>]
<Images/IIT_Diagrams/UnitTesting.jpg, id=725, 824.07875pt x 462.72874pt>
File: Images/IIT_Diagrams/UnitTesting.jpg Graphic file (type jpg)
<use Images/IIT_Diagrams/UnitTesting.jpg>
Package pdftex.def Info: Images/IIT_Diagrams/UnitTesting.jpg  used on input lin
e 217.
(pdftex.def)             Requested size: 345.00417pt x 193.7234pt.
 [56 <./Images/IIT_Diagrams/UnitTesting.jpg>]
<Images/IIT_Diagrams/IntegrationTesting.jpg, id=734, 831.105pt x 522.95375pt>
File: Images/IIT_Diagrams/IntegrationTesting.jpg Graphic file (type jpg)
<use Images/IIT_Diagrams/IntegrationTesting.jpg>
Package pdftex.def Info: Images/IIT_Diagrams/IntegrationTesting.jpg  used on in
put line 229.
(pdftex.def)             Requested size: 345.0036pt x 217.08559pt.
) [57 <./Images/IIT_Diagrams/IntegrationTesting.jpg>]
Chapter 6.
[58

] [59] [60]
Chapter 7.
Package atveryend Info: Empty hook `BeforeClearDocument' on input line 207.
[61

]
Package atveryend Info: Empty hook `AfterLastShipout' on input line 207.
 (DD.aux)
Package atveryend Info: Executing hook `AtVeryEndDocument' on input line 207.
Package atveryend Info: Executing hook `AtEndAfterFileList' on input line 207.
Package rerunfilecheck Info: File `DD.out' has not changed.
(rerunfilecheck)             Checksum: BF0938146102B62598082D5C68ACF58D;2427.


LaTeX Warning: There were multiply-defined labels.

Package atveryend Info: Empty hook `AtVeryVeryEnd' on input line 207.
 ) 
Here is how much of TeX's memory you used:
 9852 strings out of 492970
 156298 string characters out of 3126593
 463630 words of memory out of 3000000
 13192 multiletter control sequences out of 15000+200000
 7736 words of font info for 28 fonts, out of 3000000 for 9000
 1141 hyphenation exceptions out of 8191
 40i,16n,55p,1253b,2026s stack positions out of 5000i,500n,10000p,200000b,50000s
<C:/Users/jacop/AppData/Local/Programs/MiKTeX 2.9/fonts/type1/public/amsfonts
/cm/cmbx10.pfb><C:/Users/jacop/AppData/Local/Programs/MiKTeX 2.9/fonts/type1/pu
blic/amsfonts/cm/cmbx12.pfb><C:/Users/jacop/AppData/Local/Programs/MiKTeX 2.9/f
onts/type1/public/amsfonts/cm/cmr10.pfb><C:/Users/jacop/AppData/Local/Programs/
MiKTeX 2.9/fonts/type1/public/amsfonts/cm/cmr12.pfb><C:/Users/jacop/AppData/Loc
al/Programs/MiKTeX 2.9/fonts/type1/public/amsfonts/cm/cmr17.pfb><C:/Users/jacop
/AppData/Local/Programs/MiKTeX 2.9/fonts/type1/public/amsfonts/cm/cmr8.pfb><C:/
Users/jacop/AppData/Local/Programs/MiKTeX 2.9/fonts/type1/public/amsfonts/cm/cm
r9.pfb><C:/Users/jacop/AppData/Local/Programs/MiKTeX 2.9/fonts/type1/public/ams
fonts/cm/cmsy10.pfb><C:/Users/jacop/AppData/Local/Programs/MiKTeX 2.9/fonts/typ
e1/public/amsfonts/cm/cmsy9.pfb><C:/Users/jacop/AppData/Local/Programs/MiKTeX 2
.9/fonts/type1/public/amsfonts/cm/cmti10.pfb><C:/Users/jacop/AppData/Local/Prog
rams/MiKTeX 2.9/fonts/type1/public/amsfonts/cm/cmtt9.pfb>
Output written on DD.pdf (62 pages, 6598365 bytes).
PDF statistics:
 865 PDF objects out of 1000 (max. 8388607)
 322 named destinations out of 1000 (max. 500000)
 512 words of extra memory for PDF output out of 10000 (max. 10000000)

