\BOOKMARK [0][-]{chapter.1}{Introduction}{}% 1
\BOOKMARK [1][-]{section.1.1}{Purpose}{chapter.1}% 2
\BOOKMARK [1][-]{section.1.2}{Scope}{chapter.1}% 3
\BOOKMARK [1][-]{section.1.3}{Definitions, Acronyms, Abbreviations}{chapter.1}% 4
\BOOKMARK [2][-]{subsection.1.3.1}{Definitions}{section.1.3}% 5
\BOOKMARK [2][-]{subsection.1.3.2}{Acronyms}{section.1.3}% 6
\BOOKMARK [2][-]{subsection.1.3.3}{Abbreviations}{section.1.3}% 7
\BOOKMARK [1][-]{section.1.4}{Revision History}{chapter.1}% 8
\BOOKMARK [1][-]{section.1.5}{Reference Documents}{chapter.1}% 9
\BOOKMARK [1][-]{section.1.6}{Document Structure}{chapter.1}% 10
\BOOKMARK [0][-]{chapter.2}{Architectural Design}{}% 11
\BOOKMARK [1][-]{section.2.1}{Overview }{chapter.2}% 12
\BOOKMARK [1][-]{section.2.2}{Component View}{chapter.2}% 13
\BOOKMARK [1][-]{section.2.3}{Deployment View}{chapter.2}% 14
\BOOKMARK [1][-]{section.2.4}{Runtime View}{chapter.2}% 15
\BOOKMARK [1][-]{section.2.5}{Component Interfaces}{chapter.2}% 16
\BOOKMARK [1][-]{section.2.6}{Selected Architectural Styles}{chapter.2}% 17
\BOOKMARK [1][-]{section.2.7}{Other Design Decisions}{chapter.2}% 18
\BOOKMARK [2][-]{subsection.2.7.1}{Class Diagrams}{section.2.7}% 19
\BOOKMARK [2][-]{subsection.2.7.2}{Interfaces Use}{section.2.7}% 20
\BOOKMARK [0][-]{chapter.3}{User Interface Design}{}% 21
\BOOKMARK [0][-]{chapter.4}{Requirements Traceability}{}% 22
\BOOKMARK [0][-]{chapter.5}{Implementation, Integration and Test Plan}{}% 23
\BOOKMARK [1][-]{section.5.1}{Components List}{chapter.5}% 24
\BOOKMARK [1][-]{section.5.2}{Components dependencies}{chapter.5}% 25
\BOOKMARK [1][-]{section.5.3}{Implementation Plan}{chapter.5}% 26
\BOOKMARK [1][-]{section.5.4}{Integration Plan}{chapter.5}% 27
\BOOKMARK [1][-]{section.5.5}{Testing Plan}{chapter.5}% 28
\BOOKMARK [2][-]{subsection.5.5.1}{Unit Testing}{section.5.5}% 29
\BOOKMARK [2][-]{subsection.5.5.2}{Integration testing}{section.5.5}% 30
\BOOKMARK [0][-]{chapter.6}{Effort Spent}{}% 31
\BOOKMARK [0][-]{chapter.7}{References}{}% 32
