\BOOKMARK [0][-]{chapter.1}{Introduction}{}% 1
\BOOKMARK [1][-]{section.1.1}{Purpose}{chapter.1}% 2
\BOOKMARK [1][-]{section.1.2}{Scope}{chapter.1}% 3
\BOOKMARK [2][-]{subsection.1.2.1}{Analysis of Shared Phenomena}{section.1.2}% 4
\BOOKMARK [1][-]{section.1.3}{Goals}{chapter.1}% 5
\BOOKMARK [1][-]{section.1.4}{Definitions, Acronyms, Abbreviations}{chapter.1}% 6
\BOOKMARK [2][-]{subsection.1.4.1}{Definitions}{section.1.4}% 7
\BOOKMARK [2][-]{subsection.1.4.2}{Acronyms}{section.1.4}% 8
\BOOKMARK [2][-]{subsection.1.4.3}{Abbreviations}{section.1.4}% 9
\BOOKMARK [1][-]{section.1.5}{Revision History}{chapter.1}% 10
\BOOKMARK [1][-]{section.1.6}{Reference Documents}{chapter.1}% 11
\BOOKMARK [1][-]{section.1.7}{Document Structure}{chapter.1}% 12
\BOOKMARK [0][-]{chapter.2}{Overall Description}{}% 13
\BOOKMARK [1][-]{section.2.1}{Product perspective}{chapter.2}% 14
\BOOKMARK [1][-]{section.2.2}{Product functions}{chapter.2}% 15
\BOOKMARK [2][-]{subsection.2.2.1}{Data4Help}{section.2.2}% 16
\BOOKMARK [2][-]{subsection.2.2.2}{AutomatedSOS}{section.2.2}% 17
\BOOKMARK [2][-]{subsection.2.2.3}{Track4Run}{section.2.2}% 18
\BOOKMARK [1][-]{section.2.3}{User characteristics}{chapter.2}% 19
\BOOKMARK [2][-]{subsection.2.3.1}{Data4Help}{section.2.3}% 20
\BOOKMARK [2][-]{subsection.2.3.2}{AutomatedSOS}{section.2.3}% 21
\BOOKMARK [2][-]{subsection.2.3.3}{Track4Run}{section.2.3}% 22
\BOOKMARK [1][-]{section.2.4}{Assumptions, Dependencies and Constraints}{chapter.2}% 23
\BOOKMARK [2][-]{subsection.2.4.1}{Domain Assumptions}{section.2.4}% 24
\BOOKMARK [2][-]{subsection.2.4.2}{Dependencies}{section.2.4}% 25
\BOOKMARK [2][-]{subsection.2.4.3}{Constraints}{section.2.4}% 26
\BOOKMARK [0][-]{chapter.3}{Specific Requirements}{}% 27
\BOOKMARK [1][-]{section.3.1}{External Interface Requirements}{chapter.3}% 28
\BOOKMARK [2][-]{subsection.3.1.1}{User Interfaces}{section.3.1}% 29
\BOOKMARK [2][-]{subsection.3.1.2}{Hardware Interfaces}{section.3.1}% 30
\BOOKMARK [2][-]{subsection.3.1.3}{Software Interfaces}{section.3.1}% 31
\BOOKMARK [2][-]{subsection.3.1.4}{Communication Interfaces}{section.3.1}% 32
\BOOKMARK [1][-]{section.3.2}{Functional Requirements}{chapter.3}% 33
\BOOKMARK [2][-]{subsection.3.2.1}{Scenarios}{section.3.2}% 34
\BOOKMARK [2][-]{subsection.3.2.2}{Use Cases}{section.3.2}% 35
\BOOKMARK [2][-]{subsection.3.2.3}{Sequence Diagrams}{section.3.2}% 36
\BOOKMARK [2][-]{subsection.3.2.4}{Requirements}{section.3.2}% 37
\BOOKMARK [2][-]{subsection.3.2.5}{Satisfying Goals}{section.3.2}% 38
\BOOKMARK [1][-]{section.3.3}{Performance Requirements}{chapter.3}% 39
\BOOKMARK [1][-]{section.3.4}{Design Constraints}{chapter.3}% 40
\BOOKMARK [2][-]{subsection.3.4.1}{Standards Compliance}{section.3.4}% 41
\BOOKMARK [2][-]{subsection.3.4.2}{Hardware Limitations}{section.3.4}% 42
\BOOKMARK [2][-]{subsection.3.4.3}{Other}{section.3.4}% 43
\BOOKMARK [1][-]{section.3.5}{Software System Attributes}{chapter.3}% 44
\BOOKMARK [2][-]{subsection.3.5.1}{Reliability}{section.3.5}% 45
\BOOKMARK [2][-]{subsection.3.5.2}{Availability}{section.3.5}% 46
\BOOKMARK [2][-]{subsection.3.5.3}{Security}{section.3.5}% 47
\BOOKMARK [2][-]{subsection.3.5.4}{Maintainability}{section.3.5}% 48
\BOOKMARK [2][-]{subsection.3.5.5}{Portability}{section.3.5}% 49
\BOOKMARK [0][-]{chapter.4}{Formal Analysis using Alloy}{}% 50
\BOOKMARK [0][-]{chapter.5}{Effort Spent}{}% 51
\BOOKMARK [0][-]{chapter.6}{References}{}% 52
