This is pdfTeX, Version 3.14159265-2.6-1.40.19 (MiKTeX 2.9.6840 64-bit) (preloaded format=pdflatex 2018.10.14)  11 NOV 2018 19:24
entering extended mode
**./RASD.tex
(RASD.tex
LaTeX2e <2018-04-01> patch level 5
("C:\Users\jacop\AppData\Local\Programs\MiKTeX 2.9\tex\latex\base\report.cls"
Document Class: report 2014/09/29 v1.4h Standard LaTeX document class
("C:\Users\jacop\AppData\Local\Programs\MiKTeX 2.9\tex\latex\base\size10.clo"
File: size10.clo 2014/09/29 v1.4h Standard LaTeX file (size option)
)
\c@part=\count80
\c@chapter=\count81
\c@section=\count82
\c@subsection=\count83
\c@subsubsection=\count84
\c@paragraph=\count85
\c@subparagraph=\count86
\c@figure=\count87
\c@table=\count88
\abovecaptionskip=\skip41
\belowcaptionskip=\skip42
\bibindent=\dimen102
) ("C:\Users\jacop\AppData\Local\Programs\MiKTeX 2.9\tex\latex\xcolor\xcolor.st
y"
Package: xcolor 2016/05/11 v2.12 LaTeX color extensions (UK)

("C:\Users\jacop\AppData\Local\Programs\MiKTeX 2.9\tex\latex\graphics-cfg\color
.cfg"
File: color.cfg 2016/01/02 v1.6 sample color configuration
)
Package xcolor Info: Driver file: pdftex.def on input line 225.

("C:\Users\jacop\AppData\Local\Programs\MiKTeX 2.9\tex\latex\graphics-def\pdfte
x.def"
File: pdftex.def 2018/01/08 v1.0l Graphics/color driver for pdftex
)
Package xcolor Info: Model `cmy' substituted by `cmy0' on input line 1348.
Package xcolor Info: Model `hsb' substituted by `rgb' on input line 1352.
Package xcolor Info: Model `RGB' extended on input line 1364.
Package xcolor Info: Model `HTML' substituted by `rgb' on input line 1366.
Package xcolor Info: Model `Hsb' substituted by `hsb' on input line 1367.
Package xcolor Info: Model `tHsb' substituted by `hsb' on input line 1368.
Package xcolor Info: Model `HSB' substituted by `hsb' on input line 1369.
Package xcolor Info: Model `Gray' substituted by `gray' on input line 1370.
Package xcolor Info: Model `wave' substituted by `hsb' on input line 1371.
)
("C:\Users\jacop\AppData\Local\Programs\MiKTeX 2.9\tex\latex\comment\comment.st
y"
\CommentStream=\write3
 Excluding comment 'comment')
("C:\Users\jacop\AppData\Local\Programs\MiKTeX 2.9\tex\latex\subfiles\subfiles.
sty"
Package: subfiles 2018/07/31 Federico Garcia, Gernot Salzer

("C:\Users\jacop\AppData\Local\Programs\MiKTeX 2.9\tex\latex\tools\verbatim.sty
"
Package: verbatim 2014/10/28 v1.5q LaTeX2e package for verbatim enhancements
\every@verbatim=\toks14
\verbatim@line=\toks15
\verbatim@in@stream=\read1
))
("C:\Users\jacop\AppData\Local\Programs\MiKTeX 2.9\tex\latex\graphics\graphicx.
sty"
Package: graphicx 2017/06/01 v1.1a Enhanced LaTeX Graphics (DPC,SPQR)

("C:\Users\jacop\AppData\Local\Programs\MiKTeX 2.9\tex\latex\graphics\keyval.st
y"
Package: keyval 2014/10/28 v1.15 key=value parser (DPC)
\KV@toks@=\toks16
)
("C:\Users\jacop\AppData\Local\Programs\MiKTeX 2.9\tex\latex\graphics\graphics.
sty"
Package: graphics 2017/06/25 v1.2c Standard LaTeX Graphics (DPC,SPQR)

("C:\Users\jacop\AppData\Local\Programs\MiKTeX 2.9\tex\latex\graphics\trig.sty"
Package: trig 2016/01/03 v1.10 sin cos tan (DPC)
)
("C:\Users\jacop\AppData\Local\Programs\MiKTeX 2.9\tex\latex\graphics-cfg\graph
ics.cfg"
File: graphics.cfg 2016/06/04 v1.11 sample graphics configuration
)
Package graphics Info: Driver file: pdftex.def on input line 99.
)
\Gin@req@height=\dimen103
\Gin@req@width=\dimen104
)
("C:\Users\jacop\AppData\Local\Programs\MiKTeX 2.9\tex\latex\caption\caption.st
y"
Package: caption 2018/10/06 v3.3-154 Customizing captions (AR)

("C:\Users\jacop\AppData\Local\Programs\MiKTeX 2.9\tex\latex\caption\caption3.s
ty"
Package: caption3 2018/09/12 v1.8c caption3 kernel (AR)
Package caption3 Info: TeX engine: e-TeX on input line 64.
\captionmargin=\dimen105
\captionmargin@=\dimen106
\captionwidth=\dimen107
\caption@tempdima=\dimen108
\caption@indent=\dimen109
\caption@parindent=\dimen110
\caption@hangindent=\dimen111
)
\c@caption@flags=\count89
\c@ContinuedFloat=\count90
)
("C:\Users\jacop\AppData\Local\Programs\MiKTeX 2.9\tex\latex\tools\longtable.st
y"
Package: longtable 2014/10/28 v4.11 Multi-page Table package (DPC)
\LTleft=\skip43
\LTright=\skip44
\LTpre=\skip45
\LTpost=\skip46
\LTchunksize=\count91
\LTcapwidth=\dimen112
\LT@head=\box26
\LT@firsthead=\box27
\LT@foot=\box28
\LT@lastfoot=\box29
\LT@cols=\count92
\LT@rows=\count93
\c@LT@tables=\count94
\c@LT@chunks=\count95
\LT@p@ftn=\toks17
)
("C:\Users\jacop\AppData\Local\Programs\MiKTeX 2.9\tex\latex\subfig\subfig.sty"
Package: subfig 2005/06/28 ver: 1.3 subfig package
\c@KVtest=\count96
\sf@farskip=\skip47
\sf@captopadj=\dimen113
\sf@capskip=\skip48
\sf@nearskip=\skip49
\c@subfigure=\count97
\c@subfigure@save=\count98
\c@lofdepth=\count99
\c@subtable=\count100
\c@subtable@save=\count101
\c@lotdepth=\count102
\sf@top=\skip50
\sf@bottom=\skip51
)
("C:\Users\jacop\AppData\Local\Programs\MiKTeX 2.9\tex\latex\fancyhdr\fancyhdr.
sty"
Package: fancyhdr 2017/06/30 v3.9a Extensive control of page headers and footer
s
\f@nch@headwidth=\skip52
\f@nch@O@elh=\skip53
\f@nch@O@erh=\skip54
\f@nch@O@olh=\skip55
\f@nch@O@orh=\skip56
\f@nch@O@elf=\skip57
\f@nch@O@erf=\skip58
\f@nch@O@olf=\skip59
\f@nch@O@orf=\skip60
)
("C:\Users\jacop\AppData\Local\Programs\MiKTeX 2.9\tex\latex\float\float.sty"
Package: float 2001/11/08 v1.3d Float enhancements (AL)
\c@float@type=\count103
\float@exts=\toks18
\float@box=\box30
\@float@everytoks=\toks19
\@floatcapt=\box31
)
("C:\Users\jacop\AppData\Local\Programs\MiKTeX 2.9\tex\latex\hyperref\hyperref.
sty"
Package: hyperref 2018/09/30 v6.88a Hypertext links for LaTeX

("C:\Users\jacop\AppData\Local\Programs\MiKTeX 2.9\tex\generic\oberdiek\hobsub-
hyperref.sty"
Package: hobsub-hyperref 2016/05/16 v1.14 Bundle oberdiek, subset hyperref (HO)


("C:\Users\jacop\AppData\Local\Programs\MiKTeX 2.9\tex\generic\oberdiek\hobsub-
generic.sty"
Package: hobsub-generic 2016/05/16 v1.14 Bundle oberdiek, subset generic (HO)
Package: hobsub 2016/05/16 v1.14 Construct package bundles (HO)
Package: infwarerr 2016/05/16 v1.4 Providing info/warning/error messages (HO)
Package: ltxcmds 2016/05/16 v1.23 LaTeX kernel commands for general use (HO)
Package: ifluatex 2016/05/16 v1.4 Provides the ifluatex switch (HO)
Package ifluatex Info: LuaTeX not detected.
Package: ifvtex 2016/05/16 v1.6 Detect VTeX and its facilities (HO)
Package ifvtex Info: VTeX not detected.
Package: intcalc 2016/05/16 v1.2 Expandable calculations with integers (HO)
Package: ifpdf 2018/09/07 v3.3 Provides the ifpdf switch
Package: etexcmds 2016/05/16 v1.6 Avoid name clashes with e-TeX commands (HO)
Package etexcmds Info: Could not find \expanded.
(etexcmds)             That can mean that you are not using pdfTeX 1.50 or
(etexcmds)             that some package has redefined \expanded.
(etexcmds)             In the latter case, load this package earlier.
Package: kvsetkeys 2016/05/16 v1.17 Key value parser (HO)
Package: kvdefinekeys 2016/05/16 v1.4 Define keys (HO)
Package: pdftexcmds 2018/09/10 v0.29 Utility functions of pdfTeX for LuaTeX (HO
)
Package pdftexcmds Info: LuaTeX not detected.
Package pdftexcmds Info: \pdf@primitive is available.
Package pdftexcmds Info: \pdf@ifprimitive is available.
Package pdftexcmds Info: \pdfdraftmode found.
Package: pdfescape 2016/05/16 v1.14 Implements pdfTeX's escape features (HO)
Package: bigintcalc 2016/05/16 v1.4 Expandable calculations on big integers (HO
)
Package: bitset 2016/05/16 v1.2 Handle bit-vector datatype (HO)
Package: uniquecounter 2016/05/16 v1.3 Provide unlimited unique counter (HO)
)
Package hobsub Info: Skipping package `hobsub' (already loaded).
Package: letltxmacro 2016/05/16 v1.5 Let assignment for LaTeX macros (HO)
Package: hopatch 2016/05/16 v1.3 Wrapper for package hooks (HO)
Package: xcolor-patch 2016/05/16 xcolor patch
Package: atveryend 2016/05/16 v1.9 Hooks at the very end of document (HO)
Package atveryend Info: \enddocument detected (standard20110627).
Package: atbegshi 2016/06/09 v1.18 At begin shipout hook (HO)
Package: refcount 2016/05/16 v3.5 Data extraction from label references (HO)
Package: hycolor 2016/05/16 v1.8 Color options for hyperref/bookmark (HO)
)
("C:\Users\jacop\AppData\Local\Programs\MiKTeX 2.9\tex\generic\ifxetex\ifxetex.
sty"
Package: ifxetex 2010/09/12 v0.6 Provides ifxetex conditional
)
("C:\Users\jacop\AppData\Local\Programs\MiKTeX 2.9\tex\latex\oberdiek\auxhook.s
ty"
Package: auxhook 2016/05/16 v1.4 Hooks for auxiliary files (HO)
)
("C:\Users\jacop\AppData\Local\Programs\MiKTeX 2.9\tex\latex\oberdiek\kvoptions
.sty"
Package: kvoptions 2016/05/16 v3.12 Key value format for package options (HO)
)
\@linkdim=\dimen114
\Hy@linkcounter=\count104
\Hy@pagecounter=\count105

("C:\Users\jacop\AppData\Local\Programs\MiKTeX 2.9\tex\latex\hyperref\pd1enc.de
f"
File: pd1enc.def 2018/09/30 v6.88a Hyperref: PDFDocEncoding definition (HO)
Now handling font encoding PD1 ...
... no UTF-8 mapping file for font encoding PD1
)
\Hy@SavedSpaceFactor=\count106

("C:\Users\jacop\AppData\Local\Programs\MiKTeX 2.9\tex\latex\00miktex\hyperref.
cfg"
File: hyperref.cfg 2002/06/06 v1.2 hyperref configuration of TeXLive
)
Package hyperref Info: Hyper figures OFF on input line 4535.
Package hyperref Info: Link nesting OFF on input line 4540.
Package hyperref Info: Hyper index ON on input line 4543.
Package hyperref Info: Plain pages OFF on input line 4550.
Package hyperref Info: Backreferencing OFF on input line 4555.
Package hyperref Info: Implicit mode ON; LaTeX internals redefined.
Package hyperref Info: Bookmarks ON on input line 4788.
\c@Hy@tempcnt=\count107
 ("C:\Users\jacop\AppData\Local\Programs\MiKTeX 2.9\tex\latex\url\url.sty"
\Urlmuskip=\muskip10
Package: url 2013/09/16  ver 3.4  Verb mode for urls, etc.
)
LaTeX Info: Redefining \url on input line 5141.
\XeTeXLinkMargin=\dimen115
\Fld@menulength=\count108
\Field@Width=\dimen116
\Fld@charsize=\dimen117
Package hyperref Info: Hyper figures OFF on input line 6396.
Package hyperref Info: Link nesting OFF on input line 6401.
Package hyperref Info: Hyper index ON on input line 6404.
Package hyperref Info: backreferencing OFF on input line 6411.
Package hyperref Info: Link coloring OFF on input line 6416.
Package hyperref Info: Link coloring with OCG OFF on input line 6421.
Package hyperref Info: PDF/A mode OFF on input line 6426.
LaTeX Info: Redefining \ref on input line 6466.
LaTeX Info: Redefining \pageref on input line 6470.
\Hy@abspage=\count109
\c@Item=\count110
\c@Hfootnote=\count111
)
Package hyperref Info: Driver (autodetected): hpdftex.

("C:\Users\jacop\AppData\Local\Programs\MiKTeX 2.9\tex\latex\hyperref\hpdftex.d
ef"
File: hpdftex.def 2018/09/30 v6.88a Hyperref driver for pdfTeX
\Fld@listcount=\count112
\c@bookmark@seq@number=\count113

("C:\Users\jacop\AppData\Local\Programs\MiKTeX 2.9\tex\latex\oberdiek\rerunfile
check.sty"
Package: rerunfilecheck 2016/05/16 v1.8 Rerun checks for auxiliary files (HO)
Package uniquecounter Info: New unique counter `rerunfilecheck' on input line 2
82.
)
\Hy@SectionHShift=\skip61
) (RASD.aux

LaTeX Warning: Label `fig:nonfloat' multiply defined.


LaTeX Warning: Label `fig:nonfloat' multiply defined.


LaTeX Warning: Label `fig:nonfloat' multiply defined.


LaTeX Warning: Label `fig:nonfloat' multiply defined.


LaTeX Warning: Label `fig:nonfloat' multiply defined.


LaTeX Warning: Label `fig:nonfloat' multiply defined.


LaTeX Warning: Label `fig:nonfloat' multiply defined.


LaTeX Warning: Label `fig:nonfloat' multiply defined.


LaTeX Warning: Label `UseCaseDiagram' multiply defined.


LaTeX Warning: Label `fig:nonfloat' multiply defined.


LaTeX Warning: Label `UseCaseDiagram' multiply defined.


LaTeX Warning: Label `fig:nonfloat' multiply defined.


LaTeX Warning: Label `UseCaseDiagram' multiply defined.


LaTeX Warning: Label `fig:nonfloat' multiply defined.


LaTeX Warning: Label `UseCaseDiagram' multiply defined.


LaTeX Warning: Label `fig:nonfloat' multiply defined.


LaTeX Warning: Label `fig:nonfloat' multiply defined.


LaTeX Warning: Label `fig:nonfloat' multiply defined.


LaTeX Warning: Label `fig:nonfloat' multiply defined.


LaTeX Warning: Label `fig:nonfloat' multiply defined.


LaTeX Warning: Label `fig:nonfloat' multiply defined.


LaTeX Warning: Label `fig:nonfloat' multiply defined.

)
\openout1 = `RASD.aux'.

LaTeX Font Info:    Checking defaults for OML/cmm/m/it on input line 74.
LaTeX Font Info:    ... okay on input line 74.
LaTeX Font Info:    Checking defaults for T1/cmr/m/n on input line 74.
LaTeX Font Info:    ... okay on input line 74.
LaTeX Font Info:    Checking defaults for OT1/cmr/m/n on input line 74.
LaTeX Font Info:    ... okay on input line 74.
LaTeX Font Info:    Checking defaults for OMS/cmsy/m/n on input line 74.
LaTeX Font Info:    ... okay on input line 74.
LaTeX Font Info:    Checking defaults for OMX/cmex/m/n on input line 74.
LaTeX Font Info:    ... okay on input line 74.
LaTeX Font Info:    Checking defaults for U/cmr/m/n on input line 74.
LaTeX Font Info:    ... okay on input line 74.
LaTeX Font Info:    Checking defaults for PD1/pdf/m/n on input line 74.
LaTeX Font Info:    ... okay on input line 74.

("C:\Users\jacop\AppData\Local\Programs\MiKTeX 2.9\tex\context\base\supp-pdf.mk
ii"
[Loading MPS to PDF converter (version 2006.09.02).]
\scratchcounter=\count114
\scratchdimen=\dimen118
\scratchbox=\box32
\nofMPsegments=\count115
\nofMParguments=\count116
\everyMPshowfont=\toks20
\MPscratchCnt=\count117
\MPscratchDim=\dimen119
\MPnumerator=\count118
\makeMPintoPDFobject=\count119
\everyMPtoPDFconversion=\toks21
)
("C:\Users\jacop\AppData\Local\Programs\MiKTeX 2.9\tex\latex\oberdiek\epstopdf-
base.sty"
Package: epstopdf-base 2016/05/15 v2.6 Base part for package epstopdf

("C:\Users\jacop\AppData\Local\Programs\MiKTeX 2.9\tex\latex\oberdiek\grfext.st
y"
Package: grfext 2016/05/16 v1.2 Manage graphics extensions (HO)
)
Package epstopdf-base Info: Redefining graphics rule for `.eps' on input line 4
38.
Package grfext Info: Graphics extension search list:
(grfext)             [.pdf,.png,.jpg,.mps,.jpeg,.jbig2,.jb2,.PDF,.PNG,.JPG,.JPE
G,.JBIG2,.JB2,.eps]
(grfext)             \AppendGraphicsExtensions on input line 456.
)
Package caption Info: Begin \AtBeginDocument code.
Package caption Info: subfig package v1.3 is loaded.
Package caption Info: float package is loaded.
Package caption Info: hyperref package is loaded.
Package caption Info: longtable package is loaded.

("C:\Users\jacop\AppData\Local\Programs\MiKTeX 2.9\tex\latex\caption\ltcaption.
sty"
Package: ltcaption 2018/08/26 v1.4-95 longtable captions (AR)
)
Package caption Info: End \AtBeginDocument code.
\AtBeginShipoutBox=\box33
Package hyperref Info: Link coloring OFF on input line 74.

("C:\Users\jacop\AppData\Local\Programs\MiKTeX 2.9\tex\latex\hyperref\nameref.s
ty"
Package: nameref 2016/05/21 v2.44 Cross-referencing by name of section

("C:\Users\jacop\AppData\Local\Programs\MiKTeX 2.9\tex\generic\oberdiek\gettitl
estring.sty"
Package: gettitlestring 2016/05/16 v1.5 Cleanup title references (HO)
)
\c@section@level=\count120
)
LaTeX Info: Redefining \ref on input line 74.
LaTeX Info: Redefining \pageref on input line 74.
LaTeX Info: Redefining \nameref on input line 74.
 (RASD.out) (RASD.out)
\@outlinefile=\write4
\openout4 = `RASD.out'.

<Images/PolitecnicoLogo.png, id=223, 803.0pt x 501.875pt>
File: Images/PolitecnicoLogo.png Graphic file (type png)
<use Images/PolitecnicoLogo.png>
Package pdftex.def Info: Images/PolitecnicoLogo.png  used on input line 80.
(pdftex.def)             Requested size: 182.08852pt x 113.80533pt.
<Images/TrackMeLogo.png, id=225, 1121.18875pt x 436.63126pt>
File: Images/TrackMeLogo.png Graphic file (type png)
<use Images/TrackMeLogo.png>
Package pdftex.def Info: Images/TrackMeLogo.png  used on input line 84.
(pdftex.def)             Requested size: 344.99873pt x 134.35492pt.
 [1

{C:/Users/jacop/AppData/Local/MiKTeX/2.9/pdftex/config/pdftex.map} <./Images/Po
litecnicoLogo.png> <./Images/TrackMeLogo.png>] (RASD.toc
LaTeX Font Info:    External font `cmex10' loaded for size
(Font)              <7> on input line 3.
LaTeX Font Info:    External font `cmex10' loaded for size
(Font)              <5> on input line 3.
LaTeX Font Info:    Try loading font information for OMS+cmr on input line 70.

("C:\Users\jacop\AppData\Local\Programs\MiKTeX 2.9\tex\latex\base\omscmr.fd"
File: omscmr.fd 2014/09/29 v2.5h Standard LaTeX font definitions
)
LaTeX Font Info:    Font shape `OMS/cmr/m/n' in size <9> not available
(Font)              Font shape `OMS/cmsy/m/n' tried instead on input line 70.

[1

])
\tf@toc=\write5
\openout5 = `RASD.toc'.

 [2] (1.Introduction/Introduction.tex
Chapter 1.
(1.Introduction/1.Purpose/Purpose.tex) (1.Introduction/2.Scope/Scope.tex
Underfull \hbox (badness 10000) in paragraph at lines 5--8

 []


Underfull \hbox (badness 10000) in paragraph at lines 9--10

 []

[3

]
Underfull \hbox (badness 10000) in paragraph at lines 11--12

 []


Underfull \hbox (badness 10000) in paragraph at lines 13--14

 []

[4]) (1.Introduction/3.Goals/Goals.tex)
(1.Introduction/4.DefinitionsAcronymsAbbreviations/DefinitionsAcronymsAbbreviat
ions.tex
Overfull \hbox (0.3238pt too wide) in paragraph at lines 9--10
[]\OT1/cmr/m/n/10 a com-pany that is will-ing to ac-cess \OT1/cmr/m/it/10 User 
data \OT1/cmr/m/n/10 stored in TrackMe's
 []

[5] [6])
LaTeX Font Info:    Font shape `OMS/cmr/m/n' in size <10> not available
(Font)              Font shape `OMS/cmsy/m/n' tried instead on input line 20.
 [7]) (2.OverallDescription/OverallDescription.tex [8]
Chapter 2.
(2.OverallDescription/1.ProductPerspective/ProductPerspective.tex
<Images/Class_Diagrams/Class_Diagram_Data4Help.jpg, id=357, 875.27pt x 760.8425
pt>
File: Images/Class_Diagrams/Class_Diagram_Data4Help.jpg Graphic file (type jpg)

<use Images/Class_Diagrams/Class_Diagram_Data4Help.jpg>
Package pdftex.def Info: Images/Class_Diagrams/Class_Diagram_Data4Help.jpg  use
d on input line 8.
(pdftex.def)             Requested size: 327.33063pt x 284.5374pt.
<Images/State_Charts/StateChart_Data4HelpUserData.jpg, id=358, 722.7pt x 666.49
pt>
File: Images/State_Charts/StateChart_Data4HelpUserData.jpg Graphic file (type j
pg)
<use Images/State_Charts/StateChart_Data4HelpUserData.jpg>
Package pdftex.def Info: Images/State_Charts/StateChart_Data4HelpUserData.jpg  
used on input line 9.
(pdftex.def)             Requested size: 308.52737pt x 284.5308pt.
<Images/State_Charts/StateChart_Data4HelpGroupData.jpg, id=359, 722.7pt x 710.6
55pt>
File: Images/State_Charts/StateChart_Data4HelpGroupData.jpg Graphic file (type 
jpg)
<use Images/State_Charts/StateChart_Data4HelpGroupData.jpg>
Package pdftex.def Info: Images/State_Charts/StateChart_Data4HelpGroupData.jpg 
 used on input line 10.
(pdftex.def)             Requested size: 289.35056pt x 284.52805pt.
 [9

 <./Images/Class_Diagrams/Class_Diagram_Data4Help.jpg>] [10 <./Images/State_Cha
rts/StateChart_Data4HelpUserData.jpg>]
<Images/Class_Diagrams/Class_Diagram_AutomatedSOS.jpg, id=370, 875.27pt x 504.8
8625pt>
File: Images/Class_Diagrams/Class_Diagram_AutomatedSOS.jpg Graphic file (type j
pg)
<use Images/Class_Diagrams/Class_Diagram_AutomatedSOS.jpg>
Package pdftex.def Info: Images/Class_Diagrams/Class_Diagram_AutomatedSOS.jpg  
used on input line 23.
(pdftex.def)             Requested size: 344.99998pt x 199.00801pt.
<Images/State_Charts/StateChart_AutomatedSOS.jpg, id=371, 722.7pt x 776.9025pt>

File: Images/State_Charts/StateChart_AutomatedSOS.jpg Graphic file (type jpg)
<use Images/State_Charts/StateChart_AutomatedSOS.jpg>
Package pdftex.def Info: Images/State_Charts/StateChart_AutomatedSOS.jpg  used 
on input line 24.
(pdftex.def)             Requested size: 264.68204pt x 284.53319pt.
 [11 <./Images/State_Charts/StateChart_Data4HelpGroupData.jpg>] [12 <./Images/C
lass_Diagrams/Class_Diagram_AutomatedSOS.jpg>]
<Images/Class_Diagrams/Class_Diagram_Track4Run.jpg, id=384, 875.27pt x 700.6175
pt>
File: Images/Class_Diagrams/Class_Diagram_Track4Run.jpg Graphic file (type jpg)

<use Images/Class_Diagrams/Class_Diagram_Track4Run.jpg>
Package pdftex.def Info: Images/Class_Diagrams/Class_Diagram_Track4Run.jpg  use
d on input line 35.
(pdftex.def)             Requested size: 344.99998pt x 276.15823pt.
<Images/State_Charts/StateChart_Track4Run.jpg, id=385, 722.7pt x 666.49pt>
File: Images/State_Charts/StateChart_Track4Run.jpg Graphic file (type jpg)
<use Images/State_Charts/StateChart_Track4Run.jpg>
Package pdftex.def Info: Images/State_Charts/StateChart_Track4Run.jpg  used on 
input line 36.
(pdftex.def)             Requested size: 308.52737pt x 284.5308pt.

[13 <./Images/State_Charts/StateChart_AutomatedSOS.jpg>] [14 <./Images/Class_Di
agrams/Class_Diagram_Track4Run.jpg>])
(2.OverallDescription/2.ProductFunctions/ProductFunctions.tex [15 <./Images/Sta
te_Charts/StateChart_Track4Run.jpg>]
Underfull \hbox (badness 10000) in paragraph at lines 18--20

 []

[16]) (2.OverallDescription/3.UserCharacteristics/UserCharacteristics.tex
[17])
(2.OverallDescription/4.AssumptionsDependenciesAndConstraints/AssumptionsDepend
enciesAndConstraints.tex
Overfull \hbox (2.48302pt too wide) in paragraph at lines 4--4
[]\OT1/cmr/bx/n/14.4 Assumptions, De-pen-den-cies and Con-straints 
 []

[18] [19])) (3.SpecificRequirements/SpecificRequirements.tex [20]
Chapter 3.

(3.SpecificRequirements/1.ExternalInterfaceRequirements/ExternalInterfaceRequir
ements.tex
(3.SpecificRequirements/1.ExternalInterfaceRequirements/1.UserInterface/UserInt
erface.tex
<Images/Mockups/0_FirstFrame.png, id=444, 431.6125pt x 843.15pt>
File: Images/Mockups/0_FirstFrame.png Graphic file (type png)
<use Images/Mockups/0_FirstFrame.png>
Package pdftex.def Info: Images/Mockups/0_FirstFrame.png  used on input line 7.

(pdftex.def)             Requested size: 117.97264pt x 230.46748pt.
<Images/Mockups/1_0_Login.png, id=445, 431.6125pt x 843.15pt>
File: Images/Mockups/1_0_Login.png Graphic file (type png)
<use Images/Mockups/1_0_Login.png>
Package pdftex.def Info: Images/Mockups/1_0_Login.png  used on input line 7.
(pdftex.def)             Requested size: 117.97264pt x 230.46748pt.
<Images/Mockups/1_1_Registration.png, id=446, 431.6125pt x 843.15pt>
File: Images/Mockups/1_1_Registration.png Graphic file (type png)
<use Images/Mockups/1_1_Registration.png>
Package pdftex.def Info: Images/Mockups/1_1_Registration.png  used on input lin
e 8.
(pdftex.def)             Requested size: 117.97264pt x 230.46748pt.
<Images/Mockups/2_Menu.png, id=447, 431.6125pt x 843.15pt>
File: Images/Mockups/2_Menu.png Graphic file (type png)
<use Images/Mockups/2_Menu.png>
Package pdftex.def Info: Images/Mockups/2_Menu.png  used on input line 8.
(pdftex.def)             Requested size: 117.97264pt x 230.46748pt.
<Images/Mockups/3_0_MyServices.png, id=448, 431.6125pt x 843.15pt>
File: Images/Mockups/3_0_MyServices.png Graphic file (type png)
<use Images/Mockups/3_0_MyServices.png>
Package pdftex.def Info: Images/Mockups/3_0_MyServices.png  used on input line 
9.
(pdftex.def)             Requested size: 117.97264pt x 230.46748pt.
<Images/Mockups/3_1_DiscoverServices.png, id=449, 431.6125pt x 843.15pt>
File: Images/Mockups/3_1_DiscoverServices.png Graphic file (type png)
<use Images/Mockups/3_1_DiscoverServices.png>
Package pdftex.def Info: Images/Mockups/3_1_DiscoverServices.png  used on input
 line 9.
(pdftex.def)             Requested size: 117.97264pt x 230.46748pt.
 [21

 <./Images/Mockups/0_FirstFrame.png> <./Images/Mockups/1_0_Login.png>]
<Images/Mockups/3_2_ServicePageData4Help.png, id=460, 431.6125pt x 843.15pt>
File: Images/Mockups/3_2_ServicePageData4Help.png Graphic file (type png)
<use Images/Mockups/3_2_ServicePageData4Help.png>
Package pdftex.def Info: Images/Mockups/3_2_ServicePageData4Help.png  used on i
nput line 10.
(pdftex.def)             Requested size: 117.97264pt x 230.46748pt.
<Images/Mockups/3_3_RevokeConsentData4Help.png, id=461, 431.6125pt x 843.15pt>
File: Images/Mockups/3_3_RevokeConsentData4Help.png Graphic file (type png)
<use Images/Mockups/3_3_RevokeConsentData4Help.png>
Package pdftex.def Info: Images/Mockups/3_3_RevokeConsentData4Help.png  used on
 input line 10.
(pdftex.def)             Requested size: 117.97264pt x 230.46748pt.
<Images/Mockups/3_4_AutomatedSOS.png, id=462, 431.6125pt x 843.15pt>
File: Images/Mockups/3_4_AutomatedSOS.png Graphic file (type png)
<use Images/Mockups/3_4_AutomatedSOS.png>
Package pdftex.def Info: Images/Mockups/3_4_AutomatedSOS.png  used on input lin
e 11.
(pdftex.def)             Requested size: 117.97264pt x 230.46748pt.
<Images/Mockups/5_3_OrganizerRegistrationTrack4Run.png, id=463, 431.6125pt x 84
3.15pt>
File: Images/Mockups/5_3_OrganizerRegistrationTrack4Run.png Graphic file (type 
png)
<use Images/Mockups/5_3_OrganizerRegistrationTrack4Run.png>
Package pdftex.def Info: Images/Mockups/5_3_OrganizerRegistrationTrack4Run.png 
 used on input line 11.
(pdftex.def)             Requested size: 117.97264pt x 230.46748pt.
 [22 <./Images/Mockups/1_1_Registration.png> <./Images/Mockups/2_Menu.png> <./I
mages/Mockups/3_0_MyServices.png> <./Images/Mockups/3_1_DiscoverServices.png>]
<Images/Mockups/5_1_CreateRunTrack4Run.png, id=478, 431.6125pt x 843.15pt>
File: Images/Mockups/5_1_CreateRunTrack4Run.png Graphic file (type png)
<use Images/Mockups/5_1_CreateRunTrack4Run.png>
Package pdftex.def Info: Images/Mockups/5_1_CreateRunTrack4Run.png  used on inp
ut line 12.
(pdftex.def)             Requested size: 117.97264pt x 230.46748pt.
<Images/Mockups/5_4_DiscoverRunsTrack4Run.png, id=479, 431.6125pt x 843.15pt>
File: Images/Mockups/5_4_DiscoverRunsTrack4Run.png Graphic file (type png)
<use Images/Mockups/5_4_DiscoverRunsTrack4Run.png>
Package pdftex.def Info: Images/Mockups/5_4_DiscoverRunsTrack4Run.png  used on 
input line 12.
(pdftex.def)             Requested size: 117.97264pt x 230.46748pt.
<Images/Mockups/5_5_WatchRunTrack4Run.png, id=480, 431.6125pt x 843.15pt>
File: Images/Mockups/5_5_WatchRunTrack4Run.png Graphic file (type png)
<use Images/Mockups/5_5_WatchRunTrack4Run.png>
Package pdftex.def Info: Images/Mockups/5_5_WatchRunTrack4Run.png  used on inpu
t line 13.
(pdftex.def)             Requested size: 117.97264pt x 230.46748pt.
<Images/Mockups/5_6_LiveRunTrack4Run.png, id=481, 431.6125pt x 843.15pt>
File: Images/Mockups/5_6_LiveRunTrack4Run.png Graphic file (type png)
<use Images/Mockups/5_6_LiveRunTrack4Run.png>
Package pdftex.def Info: Images/Mockups/5_6_LiveRunTrack4Run.png  used on input
 line 13.
(pdftex.def)             Requested size: 117.97264pt x 230.46748pt.
 [23 <./Images/Mockups/3_2_ServicePageData4Help.png> <./Images/Mockups/3_3_Revo
keConsentData4Help.png> <./Images/Mockups/3_4_AutomatedSOS.png> <./Images/Mocku
ps/5_3_OrganizerRegistrationTrack4Run.png>])
(3.SpecificRequirements/1.ExternalInterfaceRequirements/2.HardwareInterface/Har
dwareInterface.tex [24 <./Images/Mockups/5_1_CreateRunTrack4Run.png> <./Images/
Mockups/5_4_DiscoverRunsTrack4Run.png> <./Images/Mockups/5_5_WatchRunTrack4Run.
png> <./Images/Mockups/5_6_LiveRunTrack4Run.png>])
(3.SpecificRequirements/1.ExternalInterfaceRequirements/3.SoftwareInterface/Sof
twareInterface.tex)
(3.SpecificRequirements/1.ExternalInterfaceRequirements/4.CommunicationInterfac
e/CommunicationInterface.tex))
(3.SpecificRequirements/2.FunctionalRequirements/FunctionalRequirements.tex
(3.SpecificRequirements/2.FunctionalRequirements/1.Scenarios/Scenarios.tex
[25] [26] [27])
(3.SpecificRequirements/2.FunctionalRequirements/2.UseCaseDiagrams/UseCaseDiagr
ams.tex
<Images/Use_Case_Diagrams/User.jpg, id=526, 986.68625pt x 634.37pt>
File: Images/Use_Case_Diagrams/User.jpg Graphic file (type jpg)
<use Images/Use_Case_Diagrams/User.jpg>
Package pdftex.def Info: Images/Use_Case_Diagrams/User.jpg  used on input line 
5.
(pdftex.def)             Requested size: 344.99908pt x 221.81018pt.
<Images/Use_Case_Diagrams/ThirdParty.jpg, id=527, 986.68625pt x 720.6925pt>
File: Images/Use_Case_Diagrams/ThirdParty.jpg Graphic file (type jpg)
<use Images/Use_Case_Diagrams/ThirdParty.jpg>
Package pdftex.def Info: Images/Use_Case_Diagrams/ThirdParty.jpg  used on input
 line 6.
(pdftex.def)             Requested size: 344.99908pt x 251.99323pt.
<Images/Use_Case_Diagrams/AutomatedSOS.jpg, id=528, 986.68625pt x 449.68pt>
File: Images/Use_Case_Diagrams/AutomatedSOS.jpg Graphic file (type jpg)
<use Images/Use_Case_Diagrams/AutomatedSOS.jpg>
Package pdftex.def Info: Images/Use_Case_Diagrams/AutomatedSOS.jpg  used on inp
ut line 7.
(pdftex.def)             Requested size: 344.99908pt x 157.23253pt.
 [28 <./Images/Use_Case_Diagrams/User.jpg>]
<Images/Use_Case_Diagrams/Organizer.jpg, id=534, 986.68625pt x 224.84pt>
File: Images/Use_Case_Diagrams/Organizer.jpg Graphic file (type jpg)
<use Images/Use_Case_Diagrams/Organizer.jpg>
Package pdftex.def Info: Images/Use_Case_Diagrams/Organizer.jpg  used on input 
line 8.
(pdftex.def)             Requested size: 344.99908pt x 78.61626pt.
<Images/Use_Case_Diagrams/Spectator.jpg, id=535, 986.68625pt x 355.3275pt>
File: Images/Use_Case_Diagrams/Spectator.jpg Graphic file (type jpg)
<use Images/Use_Case_Diagrams/Spectator.jpg>
Package pdftex.def Info: Images/Use_Case_Diagrams/Spectator.jpg  used on input 
line 9.
(pdftex.def)             Requested size: 344.99908pt x 124.24178pt.
 [29 <./Images/Use_Case_Diagrams/ThirdParty.jpg> <./Images/Use_Case_Diagrams/Au
tomatedSOS.jpg>])
(3.SpecificRequirements/2.FunctionalRequirements/3.UseCasesAnalysis/UseCasesAna
lysis.tex
Overfull \hbox (24.0pt too wide) in alignment at lines 9--36
 [] [] 
 []


Underfull \vbox (badness 10000) detected at line 36
 []

[30 <./Images/Use_Case_Diagrams/Organizer.jpg> <./Images/Use_Case_Diagrams/Spec
tator.jpg>]
Overfull \hbox (24.0pt too wide) in alignment at lines 42--68
 [] [] 
 []


Underfull \vbox (badness 10000) detected at line 68
 []

[31]
Overfull \hbox (24.0pt too wide) in alignment at lines 74--96
 [] [] 
 []


Underfull \vbox (badness 10000) detected at line 96
 []


Overfull \hbox (24.0pt too wide) in alignment at lines 102--124
 [] [] 
 []


Underfull \vbox (badness 10000) detected at line 124
 []

[32]
Overfull \hbox (24.0pt too wide) in alignment at lines 130--154
 [] [] 
 []


Underfull \vbox (badness 10000) detected at line 154
 []

[33]
Overfull \hbox (24.0pt too wide) in alignment at lines 160--179
 [] [] 
 []


Underfull \vbox (badness 10000) detected at line 179
 []


Overfull \hbox (24.0pt too wide) in alignment at lines 185--204
 [] [] 
 []


Underfull \vbox (badness 10000) detected at line 204
 []

[34]
Overfull \hbox (24.0pt too wide) in alignment at lines 210--225
 [] [] 
 []


Underfull \vbox (badness 10000) detected at line 225
 []


Overfull \hbox (24.0pt too wide) in alignment at lines 231--246
 [] [] 
 []


Underfull \vbox (badness 10000) detected at line 246
 []

[35]
Overfull \hbox (24.0pt too wide) in alignment at lines 252--273
 [] [] 
 []


Underfull \vbox (badness 10000) detected at line 273
 []


Overfull \hbox (24.0pt too wide) in alignment at lines 279--296
 [] [] 
 []


Underfull \vbox (badness 10000) detected at line 296
 []

[36]
Underfull \hbox (badness 1072) in paragraph at lines 315--316
[]\OT1/cmr/m/n/10 AutomatedSOS sends \OT1/cmr/m/it/10 User data \OT1/cmr/m/n/10
 in-clud-ing
 []


Overfull \hbox (24.0pt too wide) in alignment at lines 304--328
 [] [] 
 []


Underfull \vbox (badness 10000) detected at line 328
 []

[37]
Overfull \hbox (24.0pt too wide) in alignment at lines 336--362
 [] [] 
 []


Underfull \vbox (badness 10000) detected at line 362
 []


Overfull \hbox (24.0pt too wide) in alignment at lines 368--388
 [] [] 
 []


Underfull \vbox (badness 10000) detected at line 388
 []

[38]
Overfull \hbox (24.0pt too wide) in alignment at lines 394--419
 [] [] 
 []


Underfull \vbox (badness 10000) detected at line 419
 []

[39]
Overfull \hbox (24.0pt too wide) in alignment at lines 425--446
 [] [] 
 []


Underfull \vbox (badness 10000) detected at line 446
 []

)
(3.SpecificRequirements/2.FunctionalRequirements/4.SequenceDiagrams/SequenceDia
grams.tex
<Images/Sequence_Diagrams/AddService.jpg, id=690, 974.64125pt x 774.895pt>
File: Images/Sequence_Diagrams/AddService.jpg Graphic file (type jpg)
<use Images/Sequence_Diagrams/AddService.jpg>
Package pdftex.def Info: Images/Sequence_Diagrams/AddService.jpg  used on input
 line 5.
(pdftex.def)             Requested size: 344.99622pt x 274.29153pt.
<Images/Sequence_Diagrams/RequestUserData.jpg, id=691, 974.64125pt x 498.86375p
t>
File: Images/Sequence_Diagrams/RequestUserData.jpg Graphic file (type jpg)
<use Images/Sequence_Diagrams/RequestUserData.jpg>
Package pdftex.def Info: Images/Sequence_Diagrams/RequestUserData.jpg  used on 
input line 6.
(pdftex.def)             Requested size: 344.99622pt x 176.58406pt.
 [40]
<Images/Sequence_Diagrams/RequestGroupData.jpg, id=706, 974.64125pt x 572.1375p
t>
File: Images/Sequence_Diagrams/RequestGroupData.jpg Graphic file (type jpg)
<use Images/Sequence_Diagrams/RequestGroupData.jpg>
Package pdftex.def Info: Images/Sequence_Diagrams/RequestGroupData.jpg  used on
 input line 7.
(pdftex.def)             Requested size: 344.99622pt x 202.52095pt.
<Images/Sequence_Diagrams/AutomatedSOS.jpg, id=707, 974.64125pt x 643.40375pt>
File: Images/Sequence_Diagrams/AutomatedSOS.jpg Graphic file (type jpg)
<use Images/Sequence_Diagrams/AutomatedSOS.jpg>
Package pdftex.def Info: Images/Sequence_Diagrams/AutomatedSOS.jpg  used on inp
ut line 8.
(pdftex.def)             Requested size: 344.99622pt x 227.74724pt.
 [41 <./Images/Sequence_Diagrams/AddService.jpg> <./Images/Sequence_Diagrams/Re
questUserData.jpg>]
<Images/Sequence_Diagrams/RunOrganizing.jpg, id=714, 974.64125pt x 602.25pt>
File: Images/Sequence_Diagrams/RunOrganizing.jpg Graphic file (type jpg)
<use Images/Sequence_Diagrams/RunOrganizing.jpg>
Package pdftex.def Info: Images/Sequence_Diagrams/RunOrganizing.jpg  used on in
put line 9.
(pdftex.def)             Requested size: 344.99622pt x 213.17995pt.
<Images/Sequence_Diagrams/EnrollRun.jpg, id=715, 974.64125pt x 732.7375pt>
File: Images/Sequence_Diagrams/EnrollRun.jpg Graphic file (type jpg)
<use Images/Sequence_Diagrams/EnrollRun.jpg>
Package pdftex.def Info: Images/Sequence_Diagrams/EnrollRun.jpg  used on input 
line 10.
(pdftex.def)             Requested size: 344.99622pt x 259.36894pt.
 [42 <./Images/Sequence_Diagrams/RequestGroupData.jpg> <./Images/Sequence_Diagr
ams/AutomatedSOS.jpg>])
(3.SpecificRequirements/2.FunctionalRequirements/5.Requirements/Requirements.te
x [43 <./Images/Sequence_Diagrams/RunOrganizing.jpg> <./Images/Sequence_Diagram
s/EnrollRun.jpg>]
Overfull \hbox (2.69507pt too wide) in paragraph at lines 8--9
[]\OT1/cmr/m/n/10 Unregistered in-di-vid-u-als and com-pa-nies must not be able
 to use Data4Help. 
 []

[44] [45])
(3.SpecificRequirements/2.FunctionalRequirements/6.SatisfyingGoals/SatisfyingGo
als.tex
Underfull \hbox (badness 10000) in paragraph at lines 17--19

 []


Overfull \hbox (4.07701pt too wide) in paragraph at lines 22--23
[]\OT1/cmr/m/n/10 Data4Help and all \OT1/cmr/m/it/10 Ser-vices\OT1/cmr/m/n/10 ,
 in-clud-ing Au-to-mat-ed-SOS and Track4Run,
 []


Underfull \hbox (badness 10000) in paragraph at lines 25--27

 []

[46]
Underfull \hbox (badness 10000) in paragraph at lines 49--51

 []

[47]
Underfull \hbox (badness 10000) in paragraph at lines 71--73

 []


Underfull \hbox (badness 10000) in paragraph at lines 98--100

 []

[48]
Overfull \hbox (4.07701pt too wide) in paragraph at lines 100--101
[]\OT1/cmr/m/n/10 Data4Help and all \OT1/cmr/m/it/10 Ser-vices\OT1/cmr/m/n/10 ,
 in-clud-ing Au-to-mat-ed-SOS and Track4Run,
 []


Underfull \hbox (badness 10000) in paragraph at lines 102--104

 []


Overfull \hbox (1.91553pt too wide) in paragraph at lines 122--124
[]\OT1/cmr/m/n/10 Allow \OT1/cmr/m/it/10 Users \OT1/cmr/m/n/10 to re-quest the 
dele-tion of all their data stored by TrackMe
 []


Underfull \hbox (badness 10000) in paragraph at lines 122--124

 []

[49]
Underfull \hbox (badness 10000) in paragraph at lines 143--145

 []


Overfull \hbox (4.07701pt too wide) in paragraph at lines 147--148
[]\OT1/cmr/m/n/10 Data4Help and all \OT1/cmr/m/it/10 Ser-vices\OT1/cmr/m/n/10 ,
 in-clud-ing Au-to-mat-ed-SOS and Track4Run,
 []


Underfull \hbox (badness 10000) in paragraph at lines 150--152

 []


Underfull \hbox (badness 10000) in paragraph at lines 162--164

 []


Underfull \hbox (badness 10000) in paragraph at lines 166--168

 []

[50]
Underfull \hbox (badness 10000) in paragraph at lines 183--185

 []


Underfull \hbox (badness 10000) in paragraph at lines 197--199

 []


Underfull \hbox (badness 10000) in paragraph at lines 206--208

 []


Overfull \hbox (4.07701pt too wide) in paragraph at lines 211--212
[]\OT1/cmr/m/n/10 Data4Help and all \OT1/cmr/m/it/10 Ser-vices\OT1/cmr/m/n/10 ,
 in-clud-ing Au-to-mat-ed-SOS and Track4Run,
 []

[51]
Underfull \hbox (badness 10000) in paragraph at lines 214--216

 []

))
(3.SpecificRequirements/3.PerformanceRequirements/PerformanceRequirements.tex
Underfull \hbox (badness 10000) in paragraph at lines 10--11

 []

) (3.SpecificRequirements/4.DesignConstraints/DesignConstraints.tex [52])
(3.SpecificRequirements/5.SoftwareSystemAttributes/SoftwareSystemAttributes.tex
)) (4.FormalAnalysisUsingAlloy/FormalAnalysisUsingAlloy.tex [53]
Chapter 4.
) [54

]
Chapter 5.
[55

] [56] [57]
Chapter 6.
Package atveryend Info: Empty hook `BeforeClearDocument' on input line 195.
[58

]
Package atveryend Info: Empty hook `AfterLastShipout' on input line 195.
 (RASD.aux)
Package atveryend Info: Executing hook `AtVeryEndDocument' on input line 195.
Package atveryend Info: Executing hook `AtEndAfterFileList' on input line 195.


Package rerunfilecheck Warning: File `RASD.out' has changed.
(rerunfilecheck)                Rerun to get outlines right
(rerunfilecheck)                or use package `bookmark'.

Package rerunfilecheck Info: Checksums for `RASD.out':
(rerunfilecheck)             Before: D2486E9799741812C3F11C9CD50869CD;3663
(rerunfilecheck)             After:  24498DF13DB59F40D38905078DB5532B;3605.

LaTeX Warning: There were multiply-defined labels.

Package atveryend Info: Empty hook `AtVeryVeryEnd' on input line 195.
 ) 
Here is how much of TeX's memory you used:
 7794 strings out of 492970
 130476 string characters out of 3126593
 217853 words of memory out of 3000000
 11102 multiletter control sequences out of 15000+200000
 7569 words of font info for 27 fonts, out of 3000000 for 9000
 1141 hyphenation exceptions out of 8191
 40i,16n,57p,1200b,697s stack positions out of 5000i,500n,10000p,200000b,50000s
pdfTeX warning (dest): name{subsection.3.5.5} has been referenced but does no
t exist, replaced by a fixed one

pdfTeX warning (dest): name{subsection.3.4.3} has been referenced but does not 
exist, replaced by a fixed one

<C:/Users/jacop/AppData/Local/Programs/MiKTeX 2.9/fonts/type1/public/amsfonts/c
m/cmbx10.pfb><C:/Users/jacop/AppData/Local/Programs/MiKTeX 2.9/fonts/type1/publ
ic/amsfonts/cm/cmbx12.pfb><C:/Users/jacop/AppData/Local/Programs/MiKTeX 2.9/fon
ts/type1/public/amsfonts/cm/cmr10.pfb><C:/Users/jacop/AppData/Local/Programs/Mi
KTeX 2.9/fonts/type1/public/amsfonts/cm/cmr12.pfb><C:/Users/jacop/AppData/Local
/Programs/MiKTeX 2.9/fonts/type1/public/amsfonts/cm/cmr17.pfb><C:/Users/jacop/A
ppData/Local/Programs/MiKTeX 2.9/fonts/type1/public/amsfonts/cm/cmr8.pfb><C:/Us
ers/jacop/AppData/Local/Programs/MiKTeX 2.9/fonts/type1/public/amsfonts/cm/cmr9
.pfb><C:/Users/jacop/AppData/Local/Programs/MiKTeX 2.9/fonts/type1/public/amsfo
nts/cm/cmsy10.pfb><C:/Users/jacop/AppData/Local/Programs/MiKTeX 2.9/fonts/type1
/public/amsfonts/cm/cmsy9.pfb><C:/Users/jacop/AppData/Local/Programs/MiKTeX 2.9
/fonts/type1/public/amsfonts/cm/cmti10.pfb>
Output written on RASD.pdf (59 pages, 4427608 bytes).
PDF statistics:
 907 PDF objects out of 1000 (max. 8388607)
 332 named destinations out of 1000 (max. 500000)
 611 words of extra memory for PDF output out of 10000 (max. 10000000)

